<?xml version="1.0" encoding="UTF-8"?>
<!-- Generated by org.testng.reporters.JUnitReportReporter -->
<testsuite hostname="DESKTOP-582AH23" failures="0" tests="2" name="yashwanthgunapatiqa.cucumber.TestRunner" time="12.071" errors="0" timestamp="2024-09-23T16:19:22 GMT-04:00" skipped="0">
  <testcase classname="yashwanthgunapatiqa.cucumber.TestRunner" name="runScenario" time="5.477"/>
  <system-out/>
  <testcase classname="yashwanthgunapatiqa.cucumber.TestRunner" name="runScenario" time="6.594"/>
  <system-out/>
</testsuite> <!-- yashwanthgunapatiqa.cucumber.TestRunner -->
