<?xml version="1.0" encoding="UTF-8"?>
<!-- Generated by org.testng.reporters.JUnitReportReporter -->
<testsuite hostname="DESKTOP-582AH23" failures="0" tests="2" name="yashwanthgunapatiqa.cucumber.TestRunner" time="17.342" errors="0" timestamp="2024-09-26T16:18:12 GMT-04:00" skipped="0">
  <testcase classname="yashwanthgunapatiqa.cucumber.TestRunner" name="runScenario" time="7.411"/>
  <system-out/>
  <testcase classname="yashwanthgunapatiqa.cucumber.TestRunner" name="runScenario" time="9.931"/>
  <system-out/>
</testsuite> <!-- yashwanthgunapatiqa.cucumber.TestRunner -->
