<?xml version="1.0" encoding="UTF-8"?>
<!-- Generated by org.testng.reporters.JUnitReportReporter -->
<testsuite hostname="DESKTOP-582AH23" failures="0" tests="1" name="yashwanthgunapatiqa.Errorvalidation" time="6.640" errors="0" timestamp="2024-09-17T14:27:25 GMT-04:00" skipped="0">
  <testcase classname="yashwanthgunapatiqa.Errorvalidation" name="loginErrorValidation" time="6.640"/>
  <system-out/>
</testsuite> <!-- yashwanthgunapatiqa.Errorvalidation -->
