<?xml version="1.0" encoding="UTF-8"?>
<!-- Generated by org.testng.reporters.JUnitReportReporter -->
<testsuite hostname="DESKTOP-582AH23" failures="0" tests="4" name="yashwanthgunapatiqa.tests.Errorvalidation" time="13.969" errors="1" timestamp="2024-09-23T17:16:37 GMT-04:00" skipped="2">
  <testcase classname="yashwanthgunapatiqa.tests.Errorvalidation" name="productRemovalValidation" time="5.661">
    <skipped/>
  </testcase> <!-- productRemovalValidation -->
  <system-out/>
  <testcase classname="yashwanthgunapatiqa.tests.Errorvalidation" name="loginErrorValidation" time="0.000">
    <skipped/>
  </testcase> <!-- loginErrorValidation -->
  <system-out/>
  <testcase classname="yashwanthgunapatiqa.tests.Errorvalidation" name="checkOutWithOutCountry" time="8.233"/>
  <system-out/>
  <testcase classname="yashwanthgunapatiqa.tests.Errorvalidation" name="quitBrowser" time="0.075">
    <error type="java.lang.StackOverflowError">
      <![CDATA[java.lang.StackOverflowError
at java.base/sun.nio.cs.UTF_8$Encoder.encodeArrayLoop(UTF_8.java:456)
at java.base/sun.nio.cs.UTF_8$Encoder.encodeLoop(UTF_8.java:564)
at java.base/java.nio.charset.CharsetEncoder.encode(CharsetEncoder.java:585)
at java.base/sun.nio.cs.StreamEncoder.implWrite(StreamEncoder.java:293)
at java.base/sun.nio.cs.StreamEncoder.implWrite(StreamEncoder.java:282)
at java.base/sun.nio.cs.StreamEncoder.write(StreamEncoder.java:132)
at java.base/java.io.OutputStreamWriter.write(OutputStreamWriter.java:205)
at java.base/java.io.BufferedWriter.flushBuffer(BufferedWriter.java:120)
at java.base/java.io.PrintStream.writeln(PrintStream.java:722)
at java.base/java.io.PrintStream.println(PrintStream.java:1028)
at yashwanthgunapatiqa.globalcomponents.Wrapper.tearDown(Wrapper.java:57)
at yashwanthgunapatiqa.globalcomponents.Wrapper.quitBrowser(Wrapper.java:49)
at yashwanthgunapatiqa.globalcomponents.Wrapper.tearDown(Wrapper.java:58)
at yashwanthgunapatiqa.globalcomponents.Wrapper.quitBrowser(Wrapper.java:49)
at yashwanthgunapatiqa.globalcomponents.Wrapper.tearDown(Wrapper.java:58)
at yashwanthgunapatiqa.globalcomponents.Wrapper.quitBrowser(Wrapper.java:49)
at yashwanthgunapatiqa.globalcomponents.Wrapper.tearDown(Wrapper.java:58)
at yashwanthgunapatiqa.globalcomponents.Wrapper.quitBrowser(Wrapper.java:49)
at yashwanthgunapatiqa.globalcomponents.Wrapper.tearDown(Wrapper.java:58)
at yashwanthgunapatiqa.globalcomponents.Wrapper.quitBrowser(Wrapper.java:49)
at yashwanthgunapatiqa.globalcomponents.Wrapper.tearDown(Wrapper.java:58)
at yashwanthgunapatiqa.globalcomponents.Wrapper.quitBrowser(Wrapper.java:49)
at yashwanthgunapatiqa.globalcomponents.Wrapper.tearDown(Wrapper.java:58)
at yashwanthgunapatiqa.globalcomponents.Wrapper.quitBrowser(Wrapper.java:49)
at yashwanthgunapatiqa.globalcomponents.Wrapper.tearDown(Wrapper.java:58)
at yashwanthgunapatiqa.globalcomponents.Wrapper.quitBrowser(Wrapper.java:49)
at yashwanthgunapatiqa.globalcomponents.Wrapper.tearDown(Wrapper.java:58)
at yashwanthgunapatiqa.globalcomponents.Wrapper.quitBrowser(Wrapper.java:49)
at yashwanthgunapatiqa.globalcomponents.Wrapper.tearDown(Wrapper.java:58)
at yashwanthgunapatiqa.globalcomponents.Wrapper.quitBrowser(Wrapper.java:49)
at yashwanthgunapatiqa.globalcomponents.Wrapper.tearDown(Wrapper.java:58)
at yashwanthgunapatiqa.globalcomponents.Wrapper.quitBrowser(Wrapper.java:49)
at yashwanthgunapatiqa.globalcomponents.Wrapper.tearDown(Wrapper.java:58)
at yashwanthgunapatiqa.globalcomponents.Wrapper.quitBrowser(Wrapper.java:49)
at yashwanthgunapatiqa.globalcomponents.Wrapper.tearDown(Wrapper.java:58)
at yashwanthgunapatiqa.globalcomponents.Wrapper.quitBrowser(Wrapper.java:49)
at yashwanthgunapatiqa.globalcomponents.Wrapper.tearDown(Wrapper.java:58)
at yashwanthgunapatiqa.globalcomponents.Wrapper.quitBrowser(Wrapper.java:49)
at yashwanthgunapatiqa.globalcomponents.Wrapper.tearDown(Wrapper.java:58)
at yashwanthgunapatiqa.globalcomponents.Wrapper.quitBrowser(Wrapper.java:49)
at yashwanthgunapatiqa.globalcomponents.Wrapper.tearDown(Wrapper.java:58)
at yashwanthgunapatiqa.globalcomponents.Wrapper.quitBrowser(Wrapper.java:49)
at yashwanthgunapatiqa.globalcomponents.Wrapper.tearDown(Wrapper.java:58)
at yashwanthgunapatiqa.globalcomponents.Wrapper.quitBrowser(Wrapper.java:49)
at yashwanthgunapatiqa.globalcomponents.Wrapper.tearDown(Wrapper.java:58)
at yashwanthgunapatiqa.globalcomponents.Wrapper.quitBrowser(Wrapper.java:49)
at yashwanthgunapatiqa.globalcomponents.Wrapper.tearDown(Wrapper.java:58)
at yashwanthgunapatiqa.globalcomponents.Wrapper.quitBrowser(Wrapper.java:49)
at yashwanthgunapatiqa.globalcomponents.Wrapper.tearDown(Wrapper.java:58)
at yashwanthgunapatiqa.globalcomponents.Wrapper.quitBrowser(Wrapper.java:49)
at yashwanthgunapatiqa.globalcomponents.Wrapper.tearDown(Wrapper.java:58)
at yashwanthgunapatiqa.globalcomponents.Wrapper.quitBrowser(Wrapper.java:49)
at yashwanthgunapatiqa.globalcomponents.Wrapper.tearDown(Wrapper.java:58)
at yashwanthgunapatiqa.globalcomponents.Wrapper.quitBrowser(Wrapper.java:49)
at yashwanthgunapatiqa.globalcomponents.Wrapper.tearDown(Wrapper.java:58)
at yashwanthgunapatiqa.globalcomponents.Wrapper.quitBrowser(Wrapper.java:49)
at yashwanthgunapatiqa.globalcomponents.Wrapper.tearDown(Wrapper.java:58)
at yashwanthgunapatiqa.globalcomponents.Wrapper.quitBrowser(Wrapper.java:49)
at yashwanthgunapatiqa.globalcomponents.Wrapper.tearDown(Wrapper.java:58)
at yashwanthgunapatiqa.globalcomponents.Wrapper.quitBrowser(Wrapper.java:49)
at yashwanthgunapatiqa.globalcomponents.Wrapper.tearDown(Wrapper.java:58)
at yashwanthgunapatiqa.globalcomponents.Wrapper.quitBrowser(Wrapper.java:49)
at yashwanthgunapatiqa.globalcomponents.Wrapper.tearDown(Wrapper.java:58)
at yashwanthgunapatiqa.globalcomponents.Wrapper.quitBrowser(Wrapper.java:49)
at yashwanthgunapatiqa.globalcomponents.Wrapper.tearDown(Wrapper.java:58)
at yashwanthgunapatiqa.globalcomponents.Wrapper.quitBrowser(Wrapper.java:49)
at yashwanthgunapatiqa.globalcomponents.Wrapper.tearDown(Wrapper.java:58)
at yashwanthgunapatiqa.globalcomponents.Wrapper.quitBrowser(Wrapper.java:49)
at yashwanthgunapatiqa.globalcomponents.Wrapper.tearDown(Wrapper.java:58)
at yashwanthgunapatiqa.globalcomponents.Wrapper.quitBrowser(Wrapper.java:49)
at yashwanthgunapatiqa.globalcomponents.Wrapper.tearDown(Wrapper.java:58)
at yashwanthgunapatiqa.globalcomponents.Wrapper.quitBrowser(Wrapper.java:49)
at yashwanthgunapatiqa.globalcomponents.Wrapper.tearDown(Wrapper.java:58)
at yashwanthgunapatiqa.globalcomponents.Wrapper.quitBrowser(Wrapper.java:49)
at yashwanthgunapatiqa.globalcomponents.Wrapper.tearDown(Wrapper.java:58)
at yashwanthgunapatiqa.globalcomponents.Wrapper.quitBrowser(Wrapper.java:49)
at yashwanthgunapatiqa.globalcomponents.Wrapper.tearDown(Wrapper.java:58)
at yashwanthgunapatiqa.globalcomponents.Wrapper.quitBrowser(Wrapper.java:49)
at yashwanthgunapatiqa.globalcomponents.Wrapper.tearDown(Wrapper.java:58)
at yashwanthgunapatiqa.globalcomponents.Wrapper.quitBrowser(Wrapper.java:49)
at yashwanthgunapatiqa.globalcomponents.Wrapper.tearDown(Wrapper.java:58)
at yashwanthgunapatiqa.globalcomponents.Wrapper.quitBrowser(Wrapper.java:49)
at yashwanthgunapatiqa.globalcomponents.Wrapper.tearDown(Wrapper.java:58)
at yashwanthgunapatiqa.globalcomponents.Wrapper.quitBrowser(Wrapper.java:49)
at yashwanthgunapatiqa.globalcomponents.Wrapper.tearDown(Wrapper.java:58)
at yashwanthgunapatiqa.globalcomponents.Wrapper.quitBrowser(Wrapper.java:49)
at yashwanthgunapatiqa.globalcomponents.Wrapper.tearDown(Wrapper.java:58)
at yashwanthgunapatiqa.globalcomponents.Wrapper.quitBrowser(Wrapper.java:49)
at yashwanthgunapatiqa.globalcomponents.Wrapper.tearDown(Wrapper.java:58)
at yashwanthgunapatiqa.globalcomponents.Wrapper.quitBrowser(Wrapper.java:49)
at yashwanthgunapatiqa.globalcomponents.Wrapper.tearDown(Wrapper.java:58)
at yashwanthgunapatiqa.globalcomponents.Wrapper.quitBrowser(Wrapper.java:49)
at yashwanthgunapatiqa.globalcomponents.Wrapper.tearDown(Wrapper.java:58)
at yashwanthgunapatiqa.globalcomponents.Wrapper.quitBrowser(Wrapper.java:49)
at yashwanthgunapatiqa.globalcomponents.Wrapper.tearDown(Wrapper.java:58)
at yashwanthgunapatiqa.globalcomponents.Wrapper.quitBrowser(Wrapper.java:49)
at yashwanthgunapatiqa.globalcomponents.Wrapper.tearDown(Wrapper.java:58)
at yashwanthgunapatiqa.globalcomponents.Wrapper.quitBrowser(Wrapper.java:49)
at yashwanthgunapatiqa.globalcomponents.Wrapper.tearDown(Wrapper.java:58)
at yashwanthgunapatiqa.globalcomponents.Wrapper.quitBrowser(Wrapper.java:49)
at yashwanthgunapatiqa.globalcomponents.Wrapper.tearDown(Wrapper.java:58)
at yashwanthgunapatiqa.globalcomponents.Wrapper.quitBrowser(Wrapper.java:49)
at yashwanthgunapatiqa.globalcomponents.Wrapper.tearDown(Wrapper.java:58)
at yashwanthgunapatiqa.globalcomponents.Wrapper.quitBrowser(Wrapper.java:49)
at yashwanthgunapatiqa.globalcomponents.Wrapper.tearDown(Wrapper.java:58)
at yashwanthgunapatiqa.globalcomponents.Wrapper.quitBrowser(Wrapper.java:49)
at yashwanthgunapatiqa.globalcomponents.Wrapper.tearDown(Wrapper.java:58)
at yashwanthgunapatiqa.globalcomponents.Wrapper.quitBrowser(Wrapper.java:49)
at yashwanthgunapatiqa.globalcomponents.Wrapper.tearDown(Wrapper.java:58)
at yashwanthgunapatiqa.globalcomponents.Wrapper.quitBrowser(Wrapper.java:49)
at yashwanthgunapatiqa.globalcomponents.Wrapper.tearDown(Wrapper.java:58)
at yashwanthgunapatiqa.globalcomponents.Wrapper.quitBrowser(Wrapper.java:49)
at yashwanthgunapatiqa.globalcomponents.Wrapper.tearDown(Wrapper.java:58)
at yashwanthgunapatiqa.globalcomponents.Wrapper.quitBrowser(Wrapper.java:49)
at yashwanthgunapatiqa.globalcomponents.Wrapper.tearDown(Wrapper.java:58)
at yashwanthgunapatiqa.globalcomponents.Wrapper.quitBrowser(Wrapper.java:49)
at yashwanthgunapatiqa.globalcomponents.Wrapper.tearDown(Wrapper.java:58)
at yashwanthgunapatiqa.globalcomponents.Wrapper.quitBrowser(Wrapper.java:49)
at yashwanthgunapatiqa.globalcomponents.Wrapper.tearDown(Wrapper.java:58)
at yashwanthgunapatiqa.globalcomponents.Wrapper.quitBrowser(Wrapper.java:49)
at yashwanthgunapatiqa.globalcomponents.Wrapper.tearDown(Wrapper.java:58)
at yashwanthgunapatiqa.globalcomponents.Wrapper.quitBrowser(Wrapper.java:49)
at yashwanthgunapatiqa.globalcomponents.Wrapper.tearDown(Wrapper.java:58)
at yashwanthgunapatiqa.globalcomponents.Wrapper.quitBrowser(Wrapper.java:49)
at yashwanthgunapatiqa.globalcomponents.Wrapper.tearDown(Wrapper.java:58)
at yashwanthgunapatiqa.globalcomponents.Wrapper.quitBrowser(Wrapper.java:49)
at yashwanthgunapatiqa.globalcomponents.Wrapper.tearDown(Wrapper.java:58)
at yashwanthgunapatiqa.globalcomponents.Wrapper.quitBrowser(Wrapper.java:49)
at yashwanthgunapatiqa.globalcomponents.Wrapper.tearDown(Wrapper.java:58)
at yashwanthgunapatiqa.globalcomponents.Wrapper.quitBrowser(Wrapper.java:49)
at yashwanthgunapatiqa.globalcomponents.Wrapper.tearDown(Wrapper.java:58)
at yashwanthgunapatiqa.globalcomponents.Wrapper.quitBrowser(Wrapper.java:49)
at yashwanthgunapatiqa.globalcomponents.Wrapper.tearDown(Wrapper.java:58)
at yashwanthgunapatiqa.globalcomponents.Wrapper.quitBrowser(Wrapper.java:49)
at yashwanthgunapatiqa.globalcomponents.Wrapper.tearDown(Wrapper.java:58)
at yashwanthgunapatiqa.globalcomponents.Wrapper.quitBrowser(Wrapper.java:49)
at yashwanthgunapatiqa.globalcomponents.Wrapper.tearDown(Wrapper.java:58)
at yashwanthgunapatiqa.globalcomponents.Wrapper.quitBrowser(Wrapper.java:49)
at yashwanthgunapatiqa.globalcomponents.Wrapper.tearDown(Wrapper.java:58)
at yashwanthgunapatiqa.globalcomponents.Wrapper.quitBrowser(Wrapper.java:49)
at yashwanthgunapatiqa.globalcomponents.Wrapper.tearDown(Wrapper.java:58)
at yashwanthgunapatiqa.globalcomponents.Wrapper.quitBrowser(Wrapper.java:49)
at yashwanthgunapatiqa.globalcomponents.Wrapper.tearDown(Wrapper.java:58)
at yashwanthgunapatiqa.globalcomponents.Wrapper.quitBrowser(Wrapper.java:49)
at yashwanthgunapatiqa.globalcomponents.Wrapper.tearDown(Wrapper.java:58)
at yashwanthgunapatiqa.globalcomponents.Wrapper.quitBrowser(Wrapper.java:49)
at yashwanthgunapatiqa.globalcomponents.Wrapper.tearDown(Wrapper.java:58)
at yashwanthgunapatiqa.globalcomponents.Wrapper.quitBrowser(Wrapper.java:49)
at yashwanthgunapatiqa.globalcomponents.Wrapper.tearDown(Wrapper.java:58)
at yashwanthgunapatiqa.globalcomponents.Wrapper.quitBrowser(Wrapper.java:49)
at yashwanthgunapatiqa.globalcomponents.Wrapper.tearDown(Wrapper.java:58)
at yashwanthgunapatiqa.globalcomponents.Wrapper.quitBrowser(Wrapper.java:49)
at yashwanthgunapatiqa.globalcomponents.Wrapper.tearDown(Wrapper.java:58)
at yashwanthgunapatiqa.globalcomponents.Wrapper.quitBrowser(Wrapper.java:49)
at yashwanthgunapatiqa.globalcomponents.Wrapper.tearDown(Wrapper.java:58)
at yashwanthgunapatiqa.globalcomponents.Wrapper.quitBrowser(Wrapper.java:49)
at yashwanthgunapatiqa.globalcomponents.Wrapper.tearDown(Wrapper.java:58)
at yashwanthgunapatiqa.globalcomponents.Wrapper.quitBrowser(Wrapper.java:49)
at yashwanthgunapatiqa.globalcomponents.Wrapper.tearDown(Wrapper.java:58)
at yashwanthgunapatiqa.globalcomponents.Wrapper.quitBrowser(Wrapper.java:49)
at yashwanthgunapatiqa.globalcomponents.Wrapper.tearDown(Wrapper.java:58)
at yashwanthgunapatiqa.globalcomponents.Wrapper.quitBrowser(Wrapper.java:49)
at yashwanthgunapatiqa.globalcomponents.Wrapper.tearDown(Wrapper.java:58)
at yashwanthgunapatiqa.globalcomponents.Wrapper.quitBrowser(Wrapper.java:49)
at yashwanthgunapatiqa.globalcomponents.Wrapper.tearDown(Wrapper.java:58)
at yashwanthgunapatiqa.globalcomponents.Wrapper.quitBrowser(Wrapper.java:49)
at yashwanthgunapatiqa.globalcomponents.Wrapper.tearDown(Wrapper.java:58)
at yashwanthgunapatiqa.globalcomponents.Wrapper.quitBrowser(Wrapper.java:49)
at yashwanthgunapatiqa.globalcomponents.Wrapper.tearDown(Wrapper.java:58)
at yashwanthgunapatiqa.globalcomponents.Wrapper.quitBrowser(Wrapper.java:49)
at yashwanthgunapatiqa.globalcomponents.Wrapper.tearDown(Wrapper.java:58)
at yashwanthgunapatiqa.globalcomponents.Wrapper.quitBrowser(Wrapper.java:49)
at yashwanthgunapatiqa.globalcomponents.Wrapper.tearDown(Wrapper.java:58)
at yashwanthgunapatiqa.globalcomponents.Wrapper.quitBrowser(Wrapper.java:49)
at yashwanthgunapatiqa.globalcomponents.Wrapper.tearDown(Wrapper.java:58)
at yashwanthgunapatiqa.globalcomponents.Wrapper.quitBrowser(Wrapper.java:49)
at yashwanthgunapatiqa.globalcomponents.Wrapper.tearDown(Wrapper.java:58)
at yashwanthgunapatiqa.globalcomponents.Wrapper.quitBrowser(Wrapper.java:49)
at yashwanthgunapatiqa.globalcomponents.Wrapper.tearDown(Wrapper.java:58)
at yashwanthgunapatiqa.globalcomponents.Wrapper.quitBrowser(Wrapper.java:49)
at yashwanthgunapatiqa.globalcomponents.Wrapper.tearDown(Wrapper.java:58)
at yashwanthgunapatiqa.globalcomponents.Wrapper.quitBrowser(Wrapper.java:49)
at yashwanthgunapatiqa.globalcomponents.Wrapper.tearDown(Wrapper.java:58)
at yashwanthgunapatiqa.globalcomponents.Wrapper.quitBrowser(Wrapper.java:49)
at yashwanthgunapatiqa.globalcomponents.Wrapper.tearDown(Wrapper.java:58)
at yashwanthgunapatiqa.globalcomponents.Wrapper.quitBrowser(Wrapper.java:49)
at yashwanthgunapatiqa.globalcomponents.Wrapper.tearDown(Wrapper.java:58)
at yashwanthgunapatiqa.globalcomponents.Wrapper.quitBrowser(Wrapper.java:49)
at yashwanthgunapatiqa.globalcomponents.Wrapper.tearDown(Wrapper.java:58)
at yashwanthgunapatiqa.globalcomponents.Wrapper.quitBrowser(Wrapper.java:49)
at yashwanthgunapatiqa.globalcomponents.Wrapper.tearDown(Wrapper.java:58)
at yashwanthgunapatiqa.globalcomponents.Wrapper.quitBrowser(Wrapper.java:49)
at yashwanthgunapatiqa.globalcomponents.Wrapper.tearDown(Wrapper.java:58)
at yashwanthgunapatiqa.globalcomponents.Wrapper.quitBrowser(Wrapper.java:49)
at yashwanthgunapatiqa.globalcomponents.Wrapper.tearDown(Wrapper.java:58)
at yashwanthgunapatiqa.globalcomponents.Wrapper.quitBrowser(Wrapper.java:49)
at yashwanthgunapatiqa.globalcomponents.Wrapper.tearDown(Wrapper.java:58)
at yashwanthgunapatiqa.globalcomponents.Wrapper.quitBrowser(Wrapper.java:49)
at yashwanthgunapatiqa.globalcomponents.Wrapper.tearDown(Wrapper.java:58)
at yashwanthgunapatiqa.globalcomponents.Wrapper.quitBrowser(Wrapper.java:49)
at yashwanthgunapatiqa.globalcomponents.Wrapper.tearDown(Wrapper.java:58)
at yashwanthgunapatiqa.globalcomponents.Wrapper.quitBrowser(Wrapper.java:49)
at yashwanthgunapatiqa.globalcomponents.Wrapper.tearDown(Wrapper.java:58)
at yashwanthgunapatiqa.globalcomponents.Wrapper.quitBrowser(Wrapper.java:49)
at yashwanthgunapatiqa.globalcomponents.Wrapper.tearDown(Wrapper.java:58)
at yashwanthgunapatiqa.globalcomponents.Wrapper.quitBrowser(Wrapper.java:49)
at yashwanthgunapatiqa.globalcomponents.Wrapper.tearDown(Wrapper.java:58)
at yashwanthgunapatiqa.globalcomponents.Wrapper.quitBrowser(Wrapper.java:49)
at yashwanthgunapatiqa.globalcomponents.Wrapper.tearDown(Wrapper.java:58)
at yashwanthgunapatiqa.globalcomponents.Wrapper.quitBrowser(Wrapper.java:49)
at yashwanthgunapatiqa.globalcomponents.Wrapper.tearDown(Wrapper.java:58)
at yashwanthgunapatiqa.globalcomponents.Wrapper.quitBrowser(Wrapper.java:49)
at yashwanthgunapatiqa.globalcomponents.Wrapper.tearDown(Wrapper.java:58)
at yashwanthgunapatiqa.globalcomponents.Wrapper.quitBrowser(Wrapper.java:49)
at yashwanthgunapatiqa.globalcomponents.Wrapper.tearDown(Wrapper.java:58)
at yashwanthgunapatiqa.globalcomponents.Wrapper.quitBrowser(Wrapper.java:49)
at yashwanthgunapatiqa.globalcomponents.Wrapper.tearDown(Wrapper.java:58)
at yashwanthgunapatiqa.globalcomponents.Wrapper.quitBrowser(Wrapper.java:49)
at yashwanthgunapatiqa.globalcomponents.Wrapper.tearDown(Wrapper.java:58)
at yashwanthgunapatiqa.globalcomponents.Wrapper.quitBrowser(Wrapper.java:49)
at yashwanthgunapatiqa.globalcomponents.Wrapper.tearDown(Wrapper.java:58)
at yashwanthgunapatiqa.globalcomponents.Wrapper.quitBrowser(Wrapper.java:49)
at yashwanthgunapatiqa.globalcomponents.Wrapper.tearDown(Wrapper.java:58)
at yashwanthgunapatiqa.globalcomponents.Wrapper.quitBrowser(Wrapper.java:49)
at yashwanthgunapatiqa.globalcomponents.Wrapper.tearDown(Wrapper.java:58)
at yashwanthgunapatiqa.globalcomponents.Wrapper.quitBrowser(Wrapper.java:49)
at yashwanthgunapatiqa.globalcomponents.Wrapper.tearDown(Wrapper.java:58)
at yashwanthgunapatiqa.globalcomponents.Wrapper.quitBrowser(Wrapper.java:49)
at yashwanthgunapatiqa.globalcomponents.Wrapper.tearDown(Wrapper.java:58)
at yashwanthgunapatiqa.globalcomponents.Wrapper.quitBrowser(Wrapper.java:49)
at yashwanthgunapatiqa.globalcomponents.Wrapper.tearDown(Wrapper.java:58)
at yashwanthgunapatiqa.globalcomponents.Wrapper.quitBrowser(Wrapper.java:49)
at yashwanthgunapatiqa.globalcomponents.Wrapper.tearDown(Wrapper.java:58)
at yashwanthgunapatiqa.globalcomponents.Wrapper.quitBrowser(Wrapper.java:49)
at yashwanthgunapatiqa.globalcomponents.Wrapper.tearDown(Wrapper.java:58)
at yashwanthgunapatiqa.globalcomponents.Wrapper.quitBrowser(Wrapper.java:49)
at yashwanthgunapatiqa.globalcomponents.Wrapper.tearDown(Wrapper.java:58)
at yashwanthgunapatiqa.globalcomponents.Wrapper.quitBrowser(Wrapper.java:49)
at yashwanthgunapatiqa.globalcomponents.Wrapper.tearDown(Wrapper.java:58)
at yashwanthgunapatiqa.globalcomponents.Wrapper.quitBrowser(Wrapper.java:49)
at yashwanthgunapatiqa.globalcomponents.Wrapper.tearDown(Wrapper.java:58)
at yashwanthgunapatiqa.globalcomponents.Wrapper.quitBrowser(Wrapper.java:49)
at yashwanthgunapatiqa.globalcomponents.Wrapper.tearDown(Wrapper.java:58)
at yashwanthgunapatiqa.globalcomponents.Wrapper.quitBrowser(Wrapper.java:49)
at yashwanthgunapatiqa.globalcomponents.Wrapper.tearDown(Wrapper.java:58)
at yashwanthgunapatiqa.globalcomponents.Wrapper.quitBrowser(Wrapper.java:49)
at yashwanthgunapatiqa.globalcomponents.Wrapper.tearDown(Wrapper.java:58)
at yashwanthgunapatiqa.globalcomponents.Wrapper.quitBrowser(Wrapper.java:49)
at yashwanthgunapatiqa.globalcomponents.Wrapper.tearDown(Wrapper.java:58)
at yashwanthgunapatiqa.globalcomponents.Wrapper.quitBrowser(Wrapper.java:49)
at yashwanthgunapatiqa.globalcomponents.Wrapper.tearDown(Wrapper.java:58)
at yashwanthgunapatiqa.globalcomponents.Wrapper.quitBrowser(Wrapper.java:49)
at yashwanthgunapatiqa.globalcomponents.Wrapper.tearDown(Wrapper.java:58)
at yashwanthgunapatiqa.globalcomponents.Wrapper.quitBrowser(Wrapper.java:49)
at yashwanthgunapatiqa.globalcomponents.Wrapper.tearDown(Wrapper.java:58)
at yashwanthgunapatiqa.globalcomponents.Wrapper.quitBrowser(Wrapper.java:49)
at yashwanthgunapatiqa.globalcomponents.Wrapper.tearDown(Wrapper.java:58)
at yashwanthgunapatiqa.globalcomponents.Wrapper.quitBrowser(Wrapper.java:49)
at yashwanthgunapatiqa.globalcomponents.Wrapper.tearDown(Wrapper.java:58)
at yashwanthgunapatiqa.globalcomponents.Wrapper.quitBrowser(Wrapper.java:49)
at yashwanthgunapatiqa.globalcomponents.Wrapper.tearDown(Wrapper.java:58)
at yashwanthgunapatiqa.globalcomponents.Wrapper.quitBrowser(Wrapper.java:49)
at yashwanthgunapatiqa.globalcomponents.Wrapper.tearDown(Wrapper.java:58)
at yashwanthgunapatiqa.globalcomponents.Wrapper.quitBrowser(Wrapper.java:49)
at yashwanthgunapatiqa.globalcomponents.Wrapper.tearDown(Wrapper.java:58)
at yashwanthgunapatiqa.globalcomponents.Wrapper.quitBrowser(Wrapper.java:49)
at yashwanthgunapatiqa.globalcomponents.Wrapper.tearDown(Wrapper.java:58)
at yashwanthgunapatiqa.globalcomponents.Wrapper.quitBrowser(Wrapper.java:49)
at yashwanthgunapatiqa.globalcomponents.Wrapper.tearDown(Wrapper.java:58)
at yashwanthgunapatiqa.globalcomponents.Wrapper.quitBrowser(Wrapper.java:49)
at yashwanthgunapatiqa.globalcomponents.Wrapper.tearDown(Wrapper.java:58)
at yashwanthgunapatiqa.globalcomponents.Wrapper.quitBrowser(Wrapper.java:49)
at yashwanthgunapatiqa.globalcomponents.Wrapper.tearDown(Wrapper.java:58)
at yashwanthgunapatiqa.globalcomponents.Wrapper.quitBrowser(Wrapper.java:49)
at yashwanthgunapatiqa.globalcomponents.Wrapper.tearDown(Wrapper.java:58)
at yashwanthgunapatiqa.globalcomponents.Wrapper.quitBrowser(Wrapper.java:49)
at yashwanthgunapatiqa.globalcomponents.Wrapper.tearDown(Wrapper.java:58)
at yashwanthgunapatiqa.globalcomponents.Wrapper.quitBrowser(Wrapper.java:49)
at yashwanthgunapatiqa.globalcomponents.Wrapper.tearDown(Wrapper.java:58)
at yashwanthgunapatiqa.globalcomponents.Wrapper.quitBrowser(Wrapper.java:49)
at yashwanthgunapatiqa.globalcomponents.Wrapper.tearDown(Wrapper.java:58)
at yashwanthgunapatiqa.globalcomponents.Wrapper.quitBrowser(Wrapper.java:49)
at yashwanthgunapatiqa.globalcomponents.Wrapper.tearDown(Wrapper.java:58)
at yashwanthgunapatiqa.globalcomponents.Wrapper.quitBrowser(Wrapper.java:49)
at yashwanthgunapatiqa.globalcomponents.Wrapper.tearDown(Wrapper.java:58)
at yashwanthgunapatiqa.globalcomponents.Wrapper.quitBrowser(Wrapper.java:49)
at yashwanthgunapatiqa.globalcomponents.Wrapper.tearDown(Wrapper.java:58)
at yashwanthgunapatiqa.globalcomponents.Wrapper.quitBrowser(Wrapper.java:49)
at yashwanthgunapatiqa.globalcomponents.Wrapper.tearDown(Wrapper.java:58)
at yashwanthgunapatiqa.globalcomponents.Wrapper.quitBrowser(Wrapper.java:49)
at yashwanthgunapatiqa.globalcomponents.Wrapper.tearDown(Wrapper.java:58)
at yashwanthgunapatiqa.globalcomponents.Wrapper.quitBrowser(Wrapper.java:49)
at yashwanthgunapatiqa.globalcomponents.Wrapper.tearDown(Wrapper.java:58)
at yashwanthgunapatiqa.globalcomponents.Wrapper.quitBrowser(Wrapper.java:49)
at yashwanthgunapatiqa.globalcomponents.Wrapper.tearDown(Wrapper.java:58)
at yashwanthgunapatiqa.globalcomponents.Wrapper.quitBrowser(Wrapper.java:49)
at yashwanthgunapatiqa.globalcomponents.Wrapper.tearDown(Wrapper.java:58)
at yashwanthgunapatiqa.globalcomponents.Wrapper.quitBrowser(Wrapper.java:49)
at yashwanthgunapatiqa.globalcomponents.Wrapper.tearDown(Wrapper.java:58)
at yashwanthgunapatiqa.globalcomponents.Wrapper.quitBrowser(Wrapper.java:49)
at yashwanthgunapatiqa.globalcomponents.Wrapper.tearDown(Wrapper.java:58)
at yashwanthgunapatiqa.globalcomponents.Wrapper.quitBrowser(Wrapper.java:49)
at yashwanthgunapatiqa.globalcomponents.Wrapper.tearDown(Wrapper.java:58)
at yashwanthgunapatiqa.globalcomponents.Wrapper.quitBrowser(Wrapper.java:49)
at yashwanthgunapatiqa.globalcomponents.Wrapper.tearDown(Wrapper.java:58)
at yashwanthgunapatiqa.globalcomponents.Wrapper.quitBrowser(Wrapper.java:49)
at yashwanthgunapatiqa.globalcomponents.Wrapper.tearDown(Wrapper.java:58)
at yashwanthgunapatiqa.globalcomponents.Wrapper.quitBrowser(Wrapper.java:49)
at yashwanthgunapatiqa.globalcomponents.Wrapper.tearDown(Wrapper.java:58)
at yashwanthgunapatiqa.globalcomponents.Wrapper.quitBrowser(Wrapper.java:49)
at yashwanthgunapatiqa.globalcomponents.Wrapper.tearDown(Wrapper.java:58)
at yashwanthgunapatiqa.globalcomponents.Wrapper.quitBrowser(Wrapper.java:49)
at yashwanthgunapatiqa.globalcomponents.Wrapper.tearDown(Wrapper.java:58)
at yashwanthgunapatiqa.globalcomponents.Wrapper.quitBrowser(Wrapper.java:49)
at yashwanthgunapatiqa.globalcomponents.Wrapper.tearDown(Wrapper.java:58)
at yashwanthgunapatiqa.globalcomponents.Wrapper.quitBrowser(Wrapper.java:49)
at yashwanthgunapatiqa.globalcomponents.Wrapper.tearDown(Wrapper.java:58)
at yashwanthgunapatiqa.globalcomponents.Wrapper.quitBrowser(Wrapper.java:49)
at yashwanthgunapatiqa.globalcomponents.Wrapper.tearDown(Wrapper.java:58)
at yashwanthgunapatiqa.globalcomponents.Wrapper.quitBrowser(Wrapper.java:49)
at yashwanthgunapatiqa.globalcomponents.Wrapper.tearDown(Wrapper.java:58)
at yashwanthgunapatiqa.globalcomponents.Wrapper.quitBrowser(Wrapper.java:49)
at yashwanthgunapatiqa.globalcomponents.Wrapper.tearDown(Wrapper.java:58)
at yashwanthgunapatiqa.globalcomponents.Wrapper.quitBrowser(Wrapper.java:49)
at yashwanthgunapatiqa.globalcomponents.Wrapper.tearDown(Wrapper.java:58)
at yashwanthgunapatiqa.globalcomponents.Wrapper.quitBrowser(Wrapper.java:49)
at yashwanthgunapatiqa.globalcomponents.Wrapper.tearDown(Wrapper.java:58)
at yashwanthgunapatiqa.globalcomponents.Wrapper.quitBrowser(Wrapper.java:49)
at yashwanthgunapatiqa.globalcomponents.Wrapper.tearDown(Wrapper.java:58)
at yashwanthgunapatiqa.globalcomponents.Wrapper.quitBrowser(Wrapper.java:49)
at yashwanthgunapatiqa.globalcomponents.Wrapper.tearDown(Wrapper.java:58)
at yashwanthgunapatiqa.globalcomponents.Wrapper.quitBrowser(Wrapper.java:49)
at yashwanthgunapatiqa.globalcomponents.Wrapper.tearDown(Wrapper.java:58)
at yashwanthgunapatiqa.globalcomponents.Wrapper.quitBrowser(Wrapper.java:49)
at yashwanthgunapatiqa.globalcomponents.Wrapper.tearDown(Wrapper.java:58)
at yashwanthgunapatiqa.globalcomponents.Wrapper.quitBrowser(Wrapper.java:49)
at yashwanthgunapatiqa.globalcomponents.Wrapper.tearDown(Wrapper.java:58)
at yashwanthgunapatiqa.globalcomponents.Wrapper.quitBrowser(Wrapper.java:49)
at yashwanthgunapatiqa.globalcomponents.Wrapper.tearDown(Wrapper.java:58)
at yashwanthgunapatiqa.globalcomponents.Wrapper.quitBrowser(Wrapper.java:49)
at yashwanthgunapatiqa.globalcomponents.Wrapper.tearDown(Wrapper.java:58)
at yashwanthgunapatiqa.globalcomponents.Wrapper.quitBrowser(Wrapper.java:49)
at yashwanthgunapatiqa.globalcomponents.Wrapper.tearDown(Wrapper.java:58)
at yashwanthgunapatiqa.globalcomponents.Wrapper.quitBrowser(Wrapper.java:49)
at yashwanthgunapatiqa.globalcomponents.Wrapper.tearDown(Wrapper.java:58)
at yashwanthgunapatiqa.globalcomponents.Wrapper.quitBrowser(Wrapper.java:49)
at yashwanthgunapatiqa.globalcomponents.Wrapper.tearDown(Wrapper.java:58)
at yashwanthgunapatiqa.globalcomponents.Wrapper.quitBrowser(Wrapper.java:49)
at yashwanthgunapatiqa.globalcomponents.Wrapper.tearDown(Wrapper.java:58)
at yashwanthgunapatiqa.globalcomponents.Wrapper.quitBrowser(Wrapper.java:49)
at yashwanthgunapatiqa.globalcomponents.Wrapper.tearDown(Wrapper.java:58)
at yashwanthgunapatiqa.globalcomponents.Wrapper.quitBrowser(Wrapper.java:49)
at yashwanthgunapatiqa.globalcomponents.Wrapper.tearDown(Wrapper.java:58)
at yashwanthgunapatiqa.globalcomponents.Wrapper.quitBrowser(Wrapper.java:49)
at yashwanthgunapatiqa.globalcomponents.Wrapper.tearDown(Wrapper.java:58)
at yashwanthgunapatiqa.globalcomponents.Wrapper.quitBrowser(Wrapper.java:49)
at yashwanthgunapatiqa.globalcomponents.Wrapper.tearDown(Wrapper.java:58)
at yashwanthgunapatiqa.globalcomponents.Wrapper.quitBrowser(Wrapper.java:49)
at yashwanthgunapatiqa.globalcomponents.Wrapper.tearDown(Wrapper.java:58)
at yashwanthgunapatiqa.globalcomponents.Wrapper.quitBrowser(Wrapper.java:49)
at yashwanthgunapatiqa.globalcomponents.Wrapper.tearDown(Wrapper.java:58)
at yashwanthgunapatiqa.globalcomponents.Wrapper.quitBrowser(Wrapper.java:49)
at yashwanthgunapatiqa.globalcomponents.Wrapper.tearDown(Wrapper.java:58)
at yashwanthgunapatiqa.globalcomponents.Wrapper.quitBrowser(Wrapper.java:49)
at yashwanthgunapatiqa.globalcomponents.Wrapper.tearDown(Wrapper.java:58)
at yashwanthgunapatiqa.globalcomponents.Wrapper.quitBrowser(Wrapper.java:49)
at yashwanthgunapatiqa.globalcomponents.Wrapper.tearDown(Wrapper.java:58)
at yashwanthgunapatiqa.globalcomponents.Wrapper.quitBrowser(Wrapper.java:49)
at yashwanthgunapatiqa.globalcomponents.Wrapper.tearDown(Wrapper.java:58)
at yashwanthgunapatiqa.globalcomponents.Wrapper.quitBrowser(Wrapper.java:49)
at yashwanthgunapatiqa.globalcomponents.Wrapper.tearDown(Wrapper.java:58)
at yashwanthgunapatiqa.globalcomponents.Wrapper.quitBrowser(Wrapper.java:49)
at yashwanthgunapatiqa.globalcomponents.Wrapper.tearDown(Wrapper.java:58)
at yashwanthgunapatiqa.globalcomponents.Wrapper.quitBrowser(Wrapper.java:49)
at yashwanthgunapatiqa.globalcomponents.Wrapper.tearDown(Wrapper.java:58)
at yashwanthgunapatiqa.globalcomponents.Wrapper.quitBrowser(Wrapper.java:49)
at yashwanthgunapatiqa.globalcomponents.Wrapper.tearDown(Wrapper.java:58)
at yashwanthgunapatiqa.globalcomponents.Wrapper.quitBrowser(Wrapper.java:49)
at yashwanthgunapatiqa.globalcomponents.Wrapper.tearDown(Wrapper.java:58)
at yashwanthgunapatiqa.globalcomponents.Wrapper.quitBrowser(Wrapper.java:49)
at yashwanthgunapatiqa.globalcomponents.Wrapper.tearDown(Wrapper.java:58)
at yashwanthgunapatiqa.globalcomponents.Wrapper.quitBrowser(Wrapper.java:49)
at yashwanthgunapatiqa.globalcomponents.Wrapper.tearDown(Wrapper.java:58)
at yashwanthgunapatiqa.globalcomponents.Wrapper.quitBrowser(Wrapper.java:49)
at yashwanthgunapatiqa.globalcomponents.Wrapper.tearDown(Wrapper.java:58)
at yashwanthgunapatiqa.globalcomponents.Wrapper.quitBrowser(Wrapper.java:49)
at yashwanthgunapatiqa.globalcomponents.Wrapper.tearDown(Wrapper.java:58)
at yashwanthgunapatiqa.globalcomponents.Wrapper.quitBrowser(Wrapper.java:49)
at yashwanthgunapatiqa.globalcomponents.Wrapper.tearDown(Wrapper.java:58)
at yashwanthgunapatiqa.globalcomponents.Wrapper.quitBrowser(Wrapper.java:49)
at yashwanthgunapatiqa.globalcomponents.Wrapper.tearDown(Wrapper.java:58)
at yashwanthgunapatiqa.globalcomponents.Wrapper.quitBrowser(Wrapper.java:49)
at yashwanthgunapatiqa.globalcomponents.Wrapper.tearDown(Wrapper.java:58)
at yashwanthgunapatiqa.globalcomponents.Wrapper.quitBrowser(Wrapper.java:49)
at yashwanthgunapatiqa.globalcomponents.Wrapper.tearDown(Wrapper.java:58)
at yashwanthgunapatiqa.globalcomponents.Wrapper.quitBrowser(Wrapper.java:49)
at yashwanthgunapatiqa.globalcomponents.Wrapper.tearDown(Wrapper.java:58)
at yashwanthgunapatiqa.globalcomponents.Wrapper.quitBrowser(Wrapper.java:49)
at yashwanthgunapatiqa.globalcomponents.Wrapper.tearDown(Wrapper.java:58)
at yashwanthgunapatiqa.globalcomponents.Wrapper.quitBrowser(Wrapper.java:49)
at yashwanthgunapatiqa.globalcomponents.Wrapper.tearDown(Wrapper.java:58)
at yashwanthgunapatiqa.globalcomponents.Wrapper.quitBrowser(Wrapper.java:49)
at yashwanthgunapatiqa.globalcomponents.Wrapper.tearDown(Wrapper.java:58)
at yashwanthgunapatiqa.globalcomponents.Wrapper.quitBrowser(Wrapper.java:49)
at yashwanthgunapatiqa.globalcomponents.Wrapper.tearDown(Wrapper.java:58)
at yashwanthgunapatiqa.globalcomponents.Wrapper.quitBrowser(Wrapper.java:49)
at yashwanthgunapatiqa.globalcomponents.Wrapper.tearDown(Wrapper.java:58)
at yashwanthgunapatiqa.globalcomponents.Wrapper.quitBrowser(Wrapper.java:49)
at yashwanthgunapatiqa.globalcomponents.Wrapper.tearDown(Wrapper.java:58)
at yashwanthgunapatiqa.globalcomponents.Wrapper.quitBrowser(Wrapper.java:49)
at yashwanthgunapatiqa.globalcomponents.Wrapper.tearDown(Wrapper.java:58)
at yashwanthgunapatiqa.globalcomponents.Wrapper.quitBrowser(Wrapper.java:49)
at yashwanthgunapatiqa.globalcomponents.Wrapper.tearDown(Wrapper.java:58)
at yashwanthgunapatiqa.globalcomponents.Wrapper.quitBrowser(Wrapper.java:49)
at yashwanthgunapatiqa.globalcomponents.Wrapper.tearDown(Wrapper.java:58)
at yashwanthgunapatiqa.globalcomponents.Wrapper.quitBrowser(Wrapper.java:49)
at yashwanthgunapatiqa.globalcomponents.Wrapper.tearDown(Wrapper.java:58)
at yashwanthgunapatiqa.globalcomponents.Wrapper.quitBrowser(Wrapper.java:49)
at yashwanthgunapatiqa.globalcomponents.Wrapper.tearDown(Wrapper.java:58)
at yashwanthgunapatiqa.globalcomponents.Wrapper.quitBrowser(Wrapper.java:49)
at yashwanthgunapatiqa.globalcomponents.Wrapper.tearDown(Wrapper.java:58)
at yashwanthgunapatiqa.globalcomponents.Wrapper.quitBrowser(Wrapper.java:49)
at yashwanthgunapatiqa.globalcomponents.Wrapper.tearDown(Wrapper.java:58)
at yashwanthgunapatiqa.globalcomponents.Wrapper.quitBrowser(Wrapper.java:49)
at yashwanthgunapatiqa.globalcomponents.Wrapper.tearDown(Wrapper.java:58)
at yashwanthgunapatiqa.globalcomponents.Wrapper.quitBrowser(Wrapper.java:49)
at yashwanthgunapatiqa.globalcomponents.Wrapper.tearDown(Wrapper.java:58)
at yashwanthgunapatiqa.globalcomponents.Wrapper.quitBrowser(Wrapper.java:49)
at yashwanthgunapatiqa.globalcomponents.Wrapper.tearDown(Wrapper.java:58)
at yashwanthgunapatiqa.globalcomponents.Wrapper.quitBrowser(Wrapper.java:49)
at yashwanthgunapatiqa.globalcomponents.Wrapper.tearDown(Wrapper.java:58)
at yashwanthgunapatiqa.globalcomponents.Wrapper.quitBrowser(Wrapper.java:49)
at yashwanthgunapatiqa.globalcomponents.Wrapper.tearDown(Wrapper.java:58)
at yashwanthgunapatiqa.globalcomponents.Wrapper.quitBrowser(Wrapper.java:49)
at yashwanthgunapatiqa.globalcomponents.Wrapper.tearDown(Wrapper.java:58)
at yashwanthgunapatiqa.globalcomponents.Wrapper.quitBrowser(Wrapper.java:49)
at yashwanthgunapatiqa.globalcomponents.Wrapper.tearDown(Wrapper.java:58)
at yashwanthgunapatiqa.globalcomponents.Wrapper.quitBrowser(Wrapper.java:49)
at yashwanthgunapatiqa.globalcomponents.Wrapper.tearDown(Wrapper.java:58)
at yashwanthgunapatiqa.globalcomponents.Wrapper.quitBrowser(Wrapper.java:49)
at yashwanthgunapatiqa.globalcomponents.Wrapper.tearDown(Wrapper.java:58)
at yashwanthgunapatiqa.globalcomponents.Wrapper.quitBrowser(Wrapper.java:49)
at yashwanthgunapatiqa.globalcomponents.Wrapper.tearDown(Wrapper.java:58)
at yashwanthgunapatiqa.globalcomponents.Wrapper.quitBrowser(Wrapper.java:49)
at yashwanthgunapatiqa.globalcomponents.Wrapper.tearDown(Wrapper.java:58)
at yashwanthgunapatiqa.globalcomponents.Wrapper.quitBrowser(Wrapper.java:49)
at yashwanthgunapatiqa.globalcomponents.Wrapper.tearDown(Wrapper.java:58)
at yashwanthgunapatiqa.globalcomponents.Wrapper.quitBrowser(Wrapper.java:49)
at yashwanthgunapatiqa.globalcomponents.Wrapper.tearDown(Wrapper.java:58)
at yashwanthgunapatiqa.globalcomponents.Wrapper.quitBrowser(Wrapper.java:49)
at yashwanthgunapatiqa.globalcomponents.Wrapper.tearDown(Wrapper.java:58)
at yashwanthgunapatiqa.globalcomponents.Wrapper.quitBrowser(Wrapper.java:49)
at yashwanthgunapatiqa.globalcomponents.Wrapper.tearDown(Wrapper.java:58)
at yashwanthgunapatiqa.globalcomponents.Wrapper.quitBrowser(Wrapper.java:49)
at yashwanthgunapatiqa.globalcomponents.Wrapper.tearDown(Wrapper.java:58)
at yashwanthgunapatiqa.globalcomponents.Wrapper.quitBrowser(Wrapper.java:49)
at yashwanthgunapatiqa.globalcomponents.Wrapper.tearDown(Wrapper.java:58)
at yashwanthgunapatiqa.globalcomponents.Wrapper.quitBrowser(Wrapper.java:49)
at yashwanthgunapatiqa.globalcomponents.Wrapper.tearDown(Wrapper.java:58)
at yashwanthgunapatiqa.globalcomponents.Wrapper.quitBrowser(Wrapper.java:49)
at yashwanthgunapatiqa.globalcomponents.Wrapper.tearDown(Wrapper.java:58)
at yashwanthgunapatiqa.globalcomponents.Wrapper.quitBrowser(Wrapper.java:49)
at yashwanthgunapatiqa.globalcomponents.Wrapper.tearDown(Wrapper.java:58)
at yashwanthgunapatiqa.globalcomponents.Wrapper.quitBrowser(Wrapper.java:49)
at yashwanthgunapatiqa.globalcomponents.Wrapper.tearDown(Wrapper.java:58)
at yashwanthgunapatiqa.globalcomponents.Wrapper.quitBrowser(Wrapper.java:49)
at yashwanthgunapatiqa.globalcomponents.Wrapper.tearDown(Wrapper.java:58)
at yashwanthgunapatiqa.globalcomponents.Wrapper.quitBrowser(Wrapper.java:49)
at yashwanthgunapatiqa.globalcomponents.Wrapper.tearDown(Wrapper.java:58)
at yashwanthgunapatiqa.globalcomponents.Wrapper.quitBrowser(Wrapper.java:49)
at yashwanthgunapatiqa.globalcomponents.Wrapper.tearDown(Wrapper.java:58)
at yashwanthgunapatiqa.globalcomponents.Wrapper.quitBrowser(Wrapper.java:49)
at yashwanthgunapatiqa.globalcomponents.Wrapper.tearDown(Wrapper.java:58)
at yashwanthgunapatiqa.globalcomponents.Wrapper.quitBrowser(Wrapper.java:49)
at yashwanthgunapatiqa.globalcomponents.Wrapper.tearDown(Wrapper.java:58)
at yashwanthgunapatiqa.globalcomponents.Wrapper.quitBrowser(Wrapper.java:49)
at yashwanthgunapatiqa.globalcomponents.Wrapper.tearDown(Wrapper.java:58)
at yashwanthgunapatiqa.globalcomponents.Wrapper.quitBrowser(Wrapper.java:49)
at yashwanthgunapatiqa.globalcomponents.Wrapper.tearDown(Wrapper.java:58)
at yashwanthgunapatiqa.globalcomponents.Wrapper.quitBrowser(Wrapper.java:49)
at yashwanthgunapatiqa.globalcomponents.Wrapper.tearDown(Wrapper.java:58)
at yashwanthgunapatiqa.globalcomponents.Wrapper.quitBrowser(Wrapper.java:49)
at yashwanthgunapatiqa.globalcomponents.Wrapper.tearDown(Wrapper.java:58)
at yashwanthgunapatiqa.globalcomponents.Wrapper.quitBrowser(Wrapper.java:49)
at yashwanthgunapatiqa.globalcomponents.Wrapper.tearDown(Wrapper.java:58)
at yashwanthgunapatiqa.globalcomponents.Wrapper.quitBrowser(Wrapper.java:49)
at yashwanthgunapatiqa.globalcomponents.Wrapper.tearDown(Wrapper.java:58)
at yashwanthgunapatiqa.globalcomponents.Wrapper.quitBrowser(Wrapper.java:49)
at yashwanthgunapatiqa.globalcomponents.Wrapper.tearDown(Wrapper.java:58)
at yashwanthgunapatiqa.globalcomponents.Wrapper.quitBrowser(Wrapper.java:49)
at yashwanthgunapatiqa.globalcomponents.Wrapper.tearDown(Wrapper.java:58)
at yashwanthgunapatiqa.globalcomponents.Wrapper.quitBrowser(Wrapper.java:49)
at yashwanthgunapatiqa.globalcomponents.Wrapper.tearDown(Wrapper.java:58)
at yashwanthgunapatiqa.globalcomponents.Wrapper.quitBrowser(Wrapper.java:49)
at yashwanthgunapatiqa.globalcomponents.Wrapper.tearDown(Wrapper.java:58)
at yashwanthgunapatiqa.globalcomponents.Wrapper.quitBrowser(Wrapper.java:49)
at yashwanthgunapatiqa.globalcomponents.Wrapper.tearDown(Wrapper.java:58)
at yashwanthgunapatiqa.globalcomponents.Wrapper.quitBrowser(Wrapper.java:49)
at yashwanthgunapatiqa.globalcomponents.Wrapper.tearDown(Wrapper.java:58)
at yashwanthgunapatiqa.globalcomponents.Wrapper.quitBrowser(Wrapper.java:49)
at yashwanthgunapatiqa.globalcomponents.Wrapper.tearDown(Wrapper.java:58)
at yashwanthgunapatiqa.globalcomponents.Wrapper.quitBrowser(Wrapper.java:49)
at yashwanthgunapatiqa.globalcomponents.Wrapper.tearDown(Wrapper.java:58)
at yashwanthgunapatiqa.globalcomponents.Wrapper.quitBrowser(Wrapper.java:49)
at yashwanthgunapatiqa.globalcomponents.Wrapper.tearDown(Wrapper.java:58)
at yashwanthgunapatiqa.globalcomponents.Wrapper.quitBrowser(Wrapper.java:49)
at yashwanthgunapatiqa.globalcomponents.Wrapper.tearDown(Wrapper.java:58)
at yashwanthgunapatiqa.globalcomponents.Wrapper.quitBrowser(Wrapper.java:49)
at yashwanthgunapatiqa.globalcomponents.Wrapper.tearDown(Wrapper.java:58)
at yashwanthgunapatiqa.globalcomponents.Wrapper.quitBrowser(Wrapper.java:49)
at yashwanthgunapatiqa.globalcomponents.Wrapper.tearDown(Wrapper.java:58)
at yashwanthgunapatiqa.globalcomponents.Wrapper.quitBrowser(Wrapper.java:49)
at yashwanthgunapatiqa.globalcomponents.Wrapper.tearDown(Wrapper.java:58)
at yashwanthgunapatiqa.globalcomponents.Wrapper.quitBrowser(Wrapper.java:49)
at yashwanthgunapatiqa.globalcomponents.Wrapper.tearDown(Wrapper.java:58)
at yashwanthgunapatiqa.globalcomponents.Wrapper.quitBrowser(Wrapper.java:49)
at yashwanthgunapatiqa.globalcomponents.Wrapper.tearDown(Wrapper.java:58)
at yashwanthgunapatiqa.globalcomponents.Wrapper.quitBrowser(Wrapper.java:49)
at yashwanthgunapatiqa.globalcomponents.Wrapper.tearDown(Wrapper.java:58)
at yashwanthgunapatiqa.globalcomponents.Wrapper.quitBrowser(Wrapper.java:49)
at yashwanthgunapatiqa.globalcomponents.Wrapper.tearDown(Wrapper.java:58)
at yashwanthgunapatiqa.globalcomponents.Wrapper.quitBrowser(Wrapper.java:49)
at yashwanthgunapatiqa.globalcomponents.Wrapper.tearDown(Wrapper.java:58)
at yashwanthgunapatiqa.globalcomponents.Wrapper.quitBrowser(Wrapper.java:49)
at yashwanthgunapatiqa.globalcomponents.Wrapper.tearDown(Wrapper.java:58)
at yashwanthgunapatiqa.globalcomponents.Wrapper.quitBrowser(Wrapper.java:49)
at yashwanthgunapatiqa.globalcomponents.Wrapper.tearDown(Wrapper.java:58)
at yashwanthgunapatiqa.globalcomponents.Wrapper.quitBrowser(Wrapper.java:49)
at yashwanthgunapatiqa.globalcomponents.Wrapper.tearDown(Wrapper.java:58)
at yashwanthgunapatiqa.globalcomponents.Wrapper.quitBrowser(Wrapper.java:49)
at yashwanthgunapatiqa.globalcomponents.Wrapper.tearDown(Wrapper.java:58)
at yashwanthgunapatiqa.globalcomponents.Wrapper.quitBrowser(Wrapper.java:49)
at yashwanthgunapatiqa.globalcomponents.Wrapper.tearDown(Wrapper.java:58)
at yashwanthgunapatiqa.globalcomponents.Wrapper.quitBrowser(Wrapper.java:49)
at yashwanthgunapatiqa.globalcomponents.Wrapper.tearDown(Wrapper.java:58)
at yashwanthgunapatiqa.globalcomponents.Wrapper.quitBrowser(Wrapper.java:49)
at yashwanthgunapatiqa.globalcomponents.Wrapper.tearDown(Wrapper.java:58)
at yashwanthgunapatiqa.globalcomponents.Wrapper.quitBrowser(Wrapper.java:49)
at yashwanthgunapatiqa.globalcomponents.Wrapper.tearDown(Wrapper.java:58)
at yashwanthgunapatiqa.globalcomponents.Wrapper.quitBrowser(Wrapper.java:49)
at yashwanthgunapatiqa.globalcomponents.Wrapper.tearDown(Wrapper.java:58)
at yashwanthgunapatiqa.globalcomponents.Wrapper.quitBrowser(Wrapper.java:49)
at yashwanthgunapatiqa.globalcomponents.Wrapper.tearDown(Wrapper.java:58)
at yashwanthgunapatiqa.globalcomponents.Wrapper.quitBrowser(Wrapper.java:49)
at yashwanthgunapatiqa.globalcomponents.Wrapper.tearDown(Wrapper.java:58)
at yashwanthgunapatiqa.globalcomponents.Wrapper.quitBrowser(Wrapper.java:49)
at yashwanthgunapatiqa.globalcomponents.Wrapper.tearDown(Wrapper.java:58)
at yashwanthgunapatiqa.globalcomponents.Wrapper.quitBrowser(Wrapper.java:49)
at yashwanthgunapatiqa.globalcomponents.Wrapper.tearDown(Wrapper.java:58)
at yashwanthgunapatiqa.globalcomponents.Wrapper.quitBrowser(Wrapper.java:49)
at yashwanthgunapatiqa.globalcomponents.Wrapper.tearDown(Wrapper.java:58)
at yashwanthgunapatiqa.globalcomponents.Wrapper.quitBrowser(Wrapper.java:49)
at yashwanthgunapatiqa.globalcomponents.Wrapper.tearDown(Wrapper.java:58)
at yashwanthgunapatiqa.globalcomponents.Wrapper.quitBrowser(Wrapper.java:49)
at yashwanthgunapatiqa.globalcomponents.Wrapper.tearDown(Wrapper.java:58)
at yashwanthgunapatiqa.globalcomponents.Wrapper.quitBrowser(Wrapper.java:49)
at yashwanthgunapatiqa.globalcomponents.Wrapper.tearDown(Wrapper.java:58)
at yashwanthgunapatiqa.globalcomponents.Wrapper.quitBrowser(Wrapper.java:49)
at yashwanthgunapatiqa.globalcomponents.Wrapper.tearDown(Wrapper.java:58)
at yashwanthgunapatiqa.globalcomponents.Wrapper.quitBrowser(Wrapper.java:49)
at yashwanthgunapatiqa.globalcomponents.Wrapper.tearDown(Wrapper.java:58)
at yashwanthgunapatiqa.globalcomponents.Wrapper.quitBrowser(Wrapper.java:49)
at yashwanthgunapatiqa.globalcomponents.Wrapper.tearDown(Wrapper.java:58)
at yashwanthgunapatiqa.globalcomponents.Wrapper.quitBrowser(Wrapper.java:49)
at yashwanthgunapatiqa.globalcomponents.Wrapper.tearDown(Wrapper.java:58)
at yashwanthgunapatiqa.globalcomponents.Wrapper.quitBrowser(Wrapper.java:49)
at yashwanthgunapatiqa.globalcomponents.Wrapper.tearDown(Wrapper.java:58)
at yashwanthgunapatiqa.globalcomponents.Wrapper.quitBrowser(Wrapper.java:49)
at yashwanthgunapatiqa.globalcomponents.Wrapper.tearDown(Wrapper.java:58)
at yashwanthgunapatiqa.globalcomponents.Wrapper.quitBrowser(Wrapper.java:49)
at yashwanthgunapatiqa.globalcomponents.Wrapper.tearDown(Wrapper.java:58)
at yashwanthgunapatiqa.globalcomponents.Wrapper.quitBrowser(Wrapper.java:49)
at yashwanthgunapatiqa.globalcomponents.Wrapper.tearDown(Wrapper.java:58)
at yashwanthgunapatiqa.globalcomponents.Wrapper.quitBrowser(Wrapper.java:49)
at yashwanthgunapatiqa.globalcomponents.Wrapper.tearDown(Wrapper.java:58)
at yashwanthgunapatiqa.globalcomponents.Wrapper.quitBrowser(Wrapper.java:49)
at yashwanthgunapatiqa.globalcomponents.Wrapper.tearDown(Wrapper.java:58)
at yashwanthgunapatiqa.globalcomponents.Wrapper.quitBrowser(Wrapper.java:49)
at yashwanthgunapatiqa.globalcomponents.Wrapper.tearDown(Wrapper.java:58)
at yashwanthgunapatiqa.globalcomponents.Wrapper.quitBrowser(Wrapper.java:49)
at yashwanthgunapatiqa.globalcomponents.Wrapper.tearDown(Wrapper.java:58)
at yashwanthgunapatiqa.globalcomponents.Wrapper.quitBrowser(Wrapper.java:49)
at yashwanthgunapatiqa.globalcomponents.Wrapper.tearDown(Wrapper.java:58)
at yashwanthgunapatiqa.globalcomponents.Wrapper.quitBrowser(Wrapper.java:49)
at yashwanthgunapatiqa.globalcomponents.Wrapper.tearDown(Wrapper.java:58)
at yashwanthgunapatiqa.globalcomponents.Wrapper.quitBrowser(Wrapper.java:49)
at yashwanthgunapatiqa.globalcomponents.Wrapper.tearDown(Wrapper.java:58)
at yashwanthgunapatiqa.globalcomponents.Wrapper.quitBrowser(Wrapper.java:49)
at yashwanthgunapatiqa.globalcomponents.Wrapper.tearDown(Wrapper.java:58)
at yashwanthgunapatiqa.globalcomponents.Wrapper.quitBrowser(Wrapper.java:49)
at yashwanthgunapatiqa.globalcomponents.Wrapper.tearDown(Wrapper.java:58)
at yashwanthgunapatiqa.globalcomponents.Wrapper.quitBrowser(Wrapper.java:49)
at yashwanthgunapatiqa.globalcomponents.Wrapper.tearDown(Wrapper.java:58)
at yashwanthgunapatiqa.globalcomponents.Wrapper.quitBrowser(Wrapper.java:49)
at yashwanthgunapatiqa.globalcomponents.Wrapper.tearDown(Wrapper.java:58)
at yashwanthgunapatiqa.globalcomponents.Wrapper.quitBrowser(Wrapper.java:49)
at yashwanthgunapatiqa.globalcomponents.Wrapper.tearDown(Wrapper.java:58)
at yashwanthgunapatiqa.globalcomponents.Wrapper.quitBrowser(Wrapper.java:49)
at yashwanthgunapatiqa.globalcomponents.Wrapper.tearDown(Wrapper.java:58)
at yashwanthgunapatiqa.globalcomponents.Wrapper.quitBrowser(Wrapper.java:49)
at yashwanthgunapatiqa.globalcomponents.Wrapper.tearDown(Wrapper.java:58)
at yashwanthgunapatiqa.globalcomponents.Wrapper.quitBrowser(Wrapper.java:49)
at yashwanthgunapatiqa.globalcomponents.Wrapper.tearDown(Wrapper.java:58)
at yashwanthgunapatiqa.globalcomponents.Wrapper.quitBrowser(Wrapper.java:49)
at yashwanthgunapatiqa.globalcomponents.Wrapper.tearDown(Wrapper.java:58)
at yashwanthgunapatiqa.globalcomponents.Wrapper.quitBrowser(Wrapper.java:49)
at yashwanthgunapatiqa.globalcomponents.Wrapper.tearDown(Wrapper.java:58)
at yashwanthgunapatiqa.globalcomponents.Wrapper.quitBrowser(Wrapper.java:49)
at yashwanthgunapatiqa.globalcomponents.Wrapper.tearDown(Wrapper.java:58)
at yashwanthgunapatiqa.globalcomponents.Wrapper.quitBrowser(Wrapper.java:49)
at yashwanthgunapatiqa.globalcomponents.Wrapper.tearDown(Wrapper.java:58)
at yashwanthgunapatiqa.globalcomponents.Wrapper.quitBrowser(Wrapper.java:49)
at yashwanthgunapatiqa.globalcomponents.Wrapper.tearDown(Wrapper.java:58)
at yashwanthgunapatiqa.globalcomponents.Wrapper.quitBrowser(Wrapper.java:49)
at yashwanthgunapatiqa.globalcomponents.Wrapper.tearDown(Wrapper.java:58)
at yashwanthgunapatiqa.globalcomponents.Wrapper.quitBrowser(Wrapper.java:49)
at yashwanthgunapatiqa.globalcomponents.Wrapper.tearDown(Wrapper.java:58)
at yashwanthgunapatiqa.globalcomponents.Wrapper.quitBrowser(Wrapper.java:49)
at yashwanthgunapatiqa.globalcomponents.Wrapper.tearDown(Wrapper.java:58)
at yashwanthgunapatiqa.globalcomponents.Wrapper.quitBrowser(Wrapper.java:49)
at yashwanthgunapatiqa.globalcomponents.Wrapper.tearDown(Wrapper.java:58)
at yashwanthgunapatiqa.globalcomponents.Wrapper.quitBrowser(Wrapper.java:49)
at yashwanthgunapatiqa.globalcomponents.Wrapper.tearDown(Wrapper.java:58)
at yashwanthgunapatiqa.globalcomponents.Wrapper.quitBrowser(Wrapper.java:49)
at yashwanthgunapatiqa.globalcomponents.Wrapper.tearDown(Wrapper.java:58)
at yashwanthgunapatiqa.globalcomponents.Wrapper.quitBrowser(Wrapper.java:49)
at yashwanthgunapatiqa.globalcomponents.Wrapper.tearDown(Wrapper.java:58)
at yashwanthgunapatiqa.globalcomponents.Wrapper.quitBrowser(Wrapper.java:49)
at yashwanthgunapatiqa.globalcomponents.Wrapper.tearDown(Wrapper.java:58)
at yashwanthgunapatiqa.globalcomponents.Wrapper.quitBrowser(Wrapper.java:49)
at yashwanthgunapatiqa.globalcomponents.Wrapper.tearDown(Wrapper.java:58)
at yashwanthgunapatiqa.globalcomponents.Wrapper.quitBrowser(Wrapper.java:49)
at yashwanthgunapatiqa.globalcomponents.Wrapper.tearDown(Wrapper.java:58)
at yashwanthgunapatiqa.globalcomponents.Wrapper.quitBrowser(Wrapper.java:49)
at yashwanthgunapatiqa.globalcomponents.Wrapper.tearDown(Wrapper.java:58)
at yashwanthgunapatiqa.globalcomponents.Wrapper.quitBrowser(Wrapper.java:49)
at yashwanthgunapatiqa.globalcomponents.Wrapper.tearDown(Wrapper.java:58)
at yashwanthgunapatiqa.globalcomponents.Wrapper.quitBrowser(Wrapper.java:49)
at yashwanthgunapatiqa.globalcomponents.Wrapper.tearDown(Wrapper.java:58)
at yashwanthgunapatiqa.globalcomponents.Wrapper.quitBrowser(Wrapper.java:49)
at yashwanthgunapatiqa.globalcomponents.Wrapper.tearDown(Wrapper.java:58)
at yashwanthgunapatiqa.globalcomponents.Wrapper.quitBrowser(Wrapper.java:49)
at yashwanthgunapatiqa.globalcomponents.Wrapper.tearDown(Wrapper.java:58)
at yashwanthgunapatiqa.globalcomponents.Wrapper.quitBrowser(Wrapper.java:49)
at yashwanthgunapatiqa.globalcomponents.Wrapper.tearDown(Wrapper.java:58)
at yashwanthgunapatiqa.globalcomponents.Wrapper.quitBrowser(Wrapper.java:49)
at yashwanthgunapatiqa.globalcomponents.Wrapper.tearDown(Wrapper.java:58)
at yashwanthgunapatiqa.globalcomponents.Wrapper.quitBrowser(Wrapper.java:49)
at yashwanthgunapatiqa.globalcomponents.Wrapper.tearDown(Wrapper.java:58)
at yashwanthgunapatiqa.globalcomponents.Wrapper.quitBrowser(Wrapper.java:49)
at yashwanthgunapatiqa.globalcomponents.Wrapper.tearDown(Wrapper.java:58)
at yashwanthgunapatiqa.globalcomponents.Wrapper.quitBrowser(Wrapper.java:49)
at yashwanthgunapatiqa.globalcomponents.Wrapper.tearDown(Wrapper.java:58)
at yashwanthgunapatiqa.globalcomponents.Wrapper.quitBrowser(Wrapper.java:49)
at yashwanthgunapatiqa.globalcomponents.Wrapper.tearDown(Wrapper.java:58)
at yashwanthgunapatiqa.globalcomponents.Wrapper.quitBrowser(Wrapper.java:49)
at yashwanthgunapatiqa.globalcomponents.Wrapper.tearDown(Wrapper.java:58)
at yashwanthgunapatiqa.globalcomponents.Wrapper.quitBrowser(Wrapper.java:49)
at yashwanthgunapatiqa.globalcomponents.Wrapper.tearDown(Wrapper.java:58)
at yashwanthgunapatiqa.globalcomponents.Wrapper.quitBrowser(Wrapper.java:49)
at yashwanthgunapatiqa.globalcomponents.Wrapper.tearDown(Wrapper.java:58)
at yashwanthgunapatiqa.globalcomponents.Wrapper.quitBrowser(Wrapper.java:49)
at yashwanthgunapatiqa.globalcomponents.Wrapper.tearDown(Wrapper.java:58)
at yashwanthgunapatiqa.globalcomponents.Wrapper.quitBrowser(Wrapper.java:49)
at yashwanthgunapatiqa.globalcomponents.Wrapper.tearDown(Wrapper.java:58)
at yashwanthgunapatiqa.globalcomponents.Wrapper.quitBrowser(Wrapper.java:49)
at yashwanthgunapatiqa.globalcomponents.Wrapper.tearDown(Wrapper.java:58)
at yashwanthgunapatiqa.globalcomponents.Wrapper.quitBrowser(Wrapper.java:49)
at yashwanthgunapatiqa.globalcomponents.Wrapper.tearDown(Wrapper.java:58)
at yashwanthgunapatiqa.globalcomponents.Wrapper.quitBrowser(Wrapper.java:49)
at yashwanthgunapatiqa.globalcomponents.Wrapper.tearDown(Wrapper.java:58)
at yashwanthgunapatiqa.globalcomponents.Wrapper.quitBrowser(Wrapper.java:49)
at yashwanthgunapatiqa.globalcomponents.Wrapper.tearDown(Wrapper.java:58)
at yashwanthgunapatiqa.globalcomponents.Wrapper.quitBrowser(Wrapper.java:49)
at yashwanthgunapatiqa.globalcomponents.Wrapper.tearDown(Wrapper.java:58)
at yashwanthgunapatiqa.globalcomponents.Wrapper.quitBrowser(Wrapper.java:49)
at yashwanthgunapatiqa.globalcomponents.Wrapper.tearDown(Wrapper.java:58)
at yashwanthgunapatiqa.globalcomponents.Wrapper.quitBrowser(Wrapper.java:49)
at yashwanthgunapatiqa.globalcomponents.Wrapper.tearDown(Wrapper.java:58)
at yashwanthgunapatiqa.globalcomponents.Wrapper.quitBrowser(Wrapper.java:49)
at yashwanthgunapatiqa.globalcomponents.Wrapper.tearDown(Wrapper.java:58)
at yashwanthgunapatiqa.globalcomponents.Wrapper.quitBrowser(Wrapper.java:49)
at yashwanthgunapatiqa.globalcomponents.Wrapper.tearDown(Wrapper.java:58)
at yashwanthgunapatiqa.globalcomponents.Wrapper.quitBrowser(Wrapper.java:49)
at yashwanthgunapatiqa.globalcomponents.Wrapper.tearDown(Wrapper.java:58)
at yashwanthgunapatiqa.globalcomponents.Wrapper.quitBrowser(Wrapper.java:49)
at yashwanthgunapatiqa.globalcomponents.Wrapper.tearDown(Wrapper.java:58)
at yashwanthgunapatiqa.globalcomponents.Wrapper.quitBrowser(Wrapper.java:49)
at yashwanthgunapatiqa.globalcomponents.Wrapper.tearDown(Wrapper.java:58)
at yashwanthgunapatiqa.globalcomponents.Wrapper.quitBrowser(Wrapper.java:49)
at yashwanthgunapatiqa.globalcomponents.Wrapper.tearDown(Wrapper.java:58)
at yashwanthgunapatiqa.globalcomponents.Wrapper.quitBrowser(Wrapper.java:49)
at yashwanthgunapatiqa.globalcomponents.Wrapper.tearDown(Wrapper.java:58)
at yashwanthgunapatiqa.globalcomponents.Wrapper.quitBrowser(Wrapper.java:49)
at yashwanthgunapatiqa.globalcomponents.Wrapper.tearDown(Wrapper.java:58)
at yashwanthgunapatiqa.globalcomponents.Wrapper.quitBrowser(Wrapper.java:49)
at yashwanthgunapatiqa.globalcomponents.Wrapper.tearDown(Wrapper.java:58)
at yashwanthgunapatiqa.globalcomponents.Wrapper.quitBrowser(Wrapper.java:49)
at yashwanthgunapatiqa.globalcomponents.Wrapper.tearDown(Wrapper.java:58)
at yashwanthgunapatiqa.globalcomponents.Wrapper.quitBrowser(Wrapper.java:49)
at yashwanthgunapatiqa.globalcomponents.Wrapper.tearDown(Wrapper.java:58)
at yashwanthgunapatiqa.globalcomponents.Wrapper.quitBrowser(Wrapper.java:49)
at yashwanthgunapatiqa.globalcomponents.Wrapper.tearDown(Wrapper.java:58)
at yashwanthgunapatiqa.globalcomponents.Wrapper.quitBrowser(Wrapper.java:49)
at yashwanthgunapatiqa.globalcomponents.Wrapper.tearDown(Wrapper.java:58)
at yashwanthgunapatiqa.globalcomponents.Wrapper.quitBrowser(Wrapper.java:49)
at yashwanthgunapatiqa.globalcomponents.Wrapper.tearDown(Wrapper.java:58)
at yashwanthgunapatiqa.globalcomponents.Wrapper.quitBrowser(Wrapper.java:49)
at yashwanthgunapatiqa.globalcomponents.Wrapper.tearDown(Wrapper.java:58)
at yashwanthgunapatiqa.globalcomponents.Wrapper.quitBrowser(Wrapper.java:49)
at yashwanthgunapatiqa.globalcomponents.Wrapper.tearDown(Wrapper.java:58)
at yashwanthgunapatiqa.globalcomponents.Wrapper.quitBrowser(Wrapper.java:49)
at yashwanthgunapatiqa.globalcomponents.Wrapper.tearDown(Wrapper.java:58)
at yashwanthgunapatiqa.globalcomponents.Wrapper.quitBrowser(Wrapper.java:49)
at yashwanthgunapatiqa.globalcomponents.Wrapper.tearDown(Wrapper.java:58)
at yashwanthgunapatiqa.globalcomponents.Wrapper.quitBrowser(Wrapper.java:49)
at yashwanthgunapatiqa.globalcomponents.Wrapper.tearDown(Wrapper.java:58)
at yashwanthgunapatiqa.globalcomponents.Wrapper.quitBrowser(Wrapper.java:49)
at yashwanthgunapatiqa.globalcomponents.Wrapper.tearDown(Wrapper.java:58)
at yashwanthgunapatiqa.globalcomponents.Wrapper.quitBrowser(Wrapper.java:49)
at yashwanthgunapatiqa.globalcomponents.Wrapper.tearDown(Wrapper.java:58)
at yashwanthgunapatiqa.globalcomponents.Wrapper.quitBrowser(Wrapper.java:49)
at yashwanthgunapatiqa.globalcomponents.Wrapper.tearDown(Wrapper.java:58)
at yashwanthgunapatiqa.globalcomponents.Wrapper.quitBrowser(Wrapper.java:49)
at yashwanthgunapatiqa.globalcomponents.Wrapper.tearDown(Wrapper.java:58)
at yashwanthgunapatiqa.globalcomponents.Wrapper.quitBrowser(Wrapper.java:49)
at yashwanthgunapatiqa.globalcomponents.Wrapper.tearDown(Wrapper.java:58)
at yashwanthgunapatiqa.globalcomponents.Wrapper.quitBrowser(Wrapper.java:49)
at yashwanthgunapatiqa.globalcomponents.Wrapper.tearDown(Wrapper.java:58)
at yashwanthgunapatiqa.globalcomponents.Wrapper.quitBrowser(Wrapper.java:49)
at yashwanthgunapatiqa.globalcomponents.Wrapper.tearDown(Wrapper.java:58)
at yashwanthgunapatiqa.globalcomponents.Wrapper.quitBrowser(Wrapper.java:49)
at yashwanthgunapatiqa.globalcomponents.Wrapper.tearDown(Wrapper.java:58)
at yashwanthgunapatiqa.globalcomponents.Wrapper.quitBrowser(Wrapper.java:49)
at yashwanthgunapatiqa.globalcomponents.Wrapper.tearDown(Wrapper.java:58)
at yashwanthgunapatiqa.globalcomponents.Wrapper.quitBrowser(Wrapper.java:49)
at yashwanthgunapatiqa.globalcomponents.Wrapper.tearDown(Wrapper.java:58)
at yashwanthgunapatiqa.globalcomponents.Wrapper.quitBrowser(Wrapper.java:49)
at yashwanthgunapatiqa.globalcomponents.Wrapper.tearDown(Wrapper.java:58)
at yashwanthgunapatiqa.globalcomponents.Wrapper.quitBrowser(Wrapper.java:49)
at yashwanthgunapatiqa.globalcomponents.Wrapper.tearDown(Wrapper.java:58)
at yashwanthgunapatiqa.globalcomponents.Wrapper.quitBrowser(Wrapper.java:49)
at yashwanthgunapatiqa.globalcomponents.Wrapper.tearDown(Wrapper.java:58)
at yashwanthgunapatiqa.globalcomponents.Wrapper.quitBrowser(Wrapper.java:49)
at yashwanthgunapatiqa.globalcomponents.Wrapper.tearDown(Wrapper.java:58)
at yashwanthgunapatiqa.globalcomponents.Wrapper.quitBrowser(Wrapper.java:49)
at yashwanthgunapatiqa.globalcomponents.Wrapper.tearDown(Wrapper.java:58)
at yashwanthgunapatiqa.globalcomponents.Wrapper.quitBrowser(Wrapper.java:49)
at yashwanthgunapatiqa.globalcomponents.Wrapper.tearDown(Wrapper.java:58)
at yashwanthgunapatiqa.globalcomponents.Wrapper.quitBrowser(Wrapper.java:49)
at yashwanthgunapatiqa.globalcomponents.Wrapper.tearDown(Wrapper.java:58)
at yashwanthgunapatiqa.globalcomponents.Wrapper.quitBrowser(Wrapper.java:49)
at yashwanthgunapatiqa.globalcomponents.Wrapper.tearDown(Wrapper.java:58)
at yashwanthgunapatiqa.globalcomponents.Wrapper.quitBrowser(Wrapper.java:49)
at yashwanthgunapatiqa.globalcomponents.Wrapper.tearDown(Wrapper.java:58)
at yashwanthgunapatiqa.globalcomponents.Wrapper.quitBrowser(Wrapper.java:49)
at yashwanthgunapatiqa.globalcomponents.Wrapper.tearDown(Wrapper.java:58)
at yashwanthgunapatiqa.globalcomponents.Wrapper.quitBrowser(Wrapper.java:49)
at yashwanthgunapatiqa.globalcomponents.Wrapper.tearDown(Wrapper.java:58)
at yashwanthgunapatiqa.globalcomponents.Wrapper.quitBrowser(Wrapper.java:49)
at yashwanthgunapatiqa.globalcomponents.Wrapper.tearDown(Wrapper.java:58)
at yashwanthgunapatiqa.globalcomponents.Wrapper.quitBrowser(Wrapper.java:49)
at yashwanthgunapatiqa.globalcomponents.Wrapper.tearDown(Wrapper.java:58)
at yashwanthgunapatiqa.globalcomponents.Wrapper.quitBrowser(Wrapper.java:49)
at yashwanthgunapatiqa.globalcomponents.Wrapper.tearDown(Wrapper.java:58)
at yashwanthgunapatiqa.globalcomponents.Wrapper.quitBrowser(Wrapper.java:49)
at yashwanthgunapatiqa.globalcomponents.Wrapper.tearDown(Wrapper.java:58)
at yashwanthgunapatiqa.globalcomponents.Wrapper.quitBrowser(Wrapper.java:49)
at yashwanthgunapatiqa.globalcomponents.Wrapper.tearDown(Wrapper.java:58)
at yashwanthgunapatiqa.globalcomponents.Wrapper.quitBrowser(Wrapper.java:49)
at yashwanthgunapatiqa.globalcomponents.Wrapper.tearDown(Wrapper.java:58)
at yashwanthgunapatiqa.globalcomponents.Wrapper.quitBrowser(Wrapper.java:49)
at yashwanthgunapatiqa.globalcomponents.Wrapper.tearDown(Wrapper.java:58)
at yashwanthgunapatiqa.globalcomponents.Wrapper.quitBrowser(Wrapper.java:49)
at yashwanthgunapatiqa.globalcomponents.Wrapper.tearDown(Wrapper.java:58)
at yashwanthgunapatiqa.globalcomponents.Wrapper.quitBrowser(Wrapper.java:49)
at yashwanthgunapatiqa.globalcomponents.Wrapper.tearDown(Wrapper.java:58)
at yashwanthgunapatiqa.globalcomponents.Wrapper.quitBrowser(Wrapper.java:49)
at yashwanthgunapatiqa.globalcomponents.Wrapper.tearDown(Wrapper.java:58)
at yashwanthgunapatiqa.globalcomponents.Wrapper.quitBrowser(Wrapper.java:49)
at yashwanthgunapatiqa.globalcomponents.Wrapper.tearDown(Wrapper.java:58)
at yashwanthgunapatiqa.globalcomponents.Wrapper.quitBrowser(Wrapper.java:49)
at yashwanthgunapatiqa.globalcomponents.Wrapper.tearDown(Wrapper.java:58)
at yashwanthgunapatiqa.globalcomponents.Wrapper.quitBrowser(Wrapper.java:49)
at yashwanthgunapatiqa.globalcomponents.Wrapper.tearDown(Wrapper.java:58)
at yashwanthgunapatiqa.globalcomponents.Wrapper.quitBrowser(Wrapper.java:49)
at yashwanthgunapatiqa.globalcomponents.Wrapper.tearDown(Wrapper.java:58)
at yashwanthgunapatiqa.globalcomponents.Wrapper.quitBrowser(Wrapper.java:49)
at yashwanthgunapatiqa.globalcomponents.Wrapper.tearDown(Wrapper.java:58)
at yashwanthgunapatiqa.globalcomponents.Wrapper.quitBrowser(Wrapper.java:49)
at yashwanthgunapatiqa.globalcomponents.Wrapper.tearDown(Wrapper.java:58)
at yashwanthgunapatiqa.globalcomponents.Wrapper.quitBrowser(Wrapper.java:49)
at yashwanthgunapatiqa.globalcomponents.Wrapper.tearDown(Wrapper.java:58)
at yashwanthgunapatiqa.globalcomponents.Wrapper.quitBrowser(Wrapper.java:49)
at yashwanthgunapatiqa.globalcomponents.Wrapper.tearDown(Wrapper.java:58)
at yashwanthgunapatiqa.globalcomponents.Wrapper.quitBrowser(Wrapper.java:49)
at yashwanthgunapatiqa.globalcomponents.Wrapper.tearDown(Wrapper.java:58)
at yashwanthgunapatiqa.globalcomponents.Wrapper.quitBrowser(Wrapper.java:49)
at yashwanthgunapatiqa.globalcomponents.Wrapper.tearDown(Wrapper.java:58)
at yashwanthgunapatiqa.globalcomponents.Wrapper.quitBrowser(Wrapper.java:49)
at yashwanthgunapatiqa.globalcomponents.Wrapper.tearDown(Wrapper.java:58)
at yashwanthgunapatiqa.globalcomponents.Wrapper.quitBrowser(Wrapper.java:49)
at yashwanthgunapatiqa.globalcomponents.Wrapper.tearDown(Wrapper.java:58)
at yashwanthgunapatiqa.globalcomponents.Wrapper.quitBrowser(Wrapper.java:49)
at yashwanthgunapatiqa.globalcomponents.Wrapper.tearDown(Wrapper.java:58)
at yashwanthgunapatiqa.globalcomponents.Wrapper.quitBrowser(Wrapper.java:49)
at yashwanthgunapatiqa.globalcomponents.Wrapper.tearDown(Wrapper.java:58)
at yashwanthgunapatiqa.globalcomponents.Wrapper.quitBrowser(Wrapper.java:49)
at yashwanthgunapatiqa.globalcomponents.Wrapper.tearDown(Wrapper.java:58)
at yashwanthgunapatiqa.globalcomponents.Wrapper.quitBrowser(Wrapper.java:49)
at yashwanthgunapatiqa.globalcomponents.Wrapper.tearDown(Wrapper.java:58)
at yashwanthgunapatiqa.globalcomponents.Wrapper.quitBrowser(Wrapper.java:49)
at yashwanthgunapatiqa.globalcomponents.Wrapper.tearDown(Wrapper.java:58)
at yashwanthgunapatiqa.globalcomponents.Wrapper.quitBrowser(Wrapper.java:49)
at yashwanthgunapatiqa.globalcomponents.Wrapper.tearDown(Wrapper.java:58)
at yashwanthgunapatiqa.globalcomponents.Wrapper.quitBrowser(Wrapper.java:49)
at yashwanthgunapatiqa.globalcomponents.Wrapper.tearDown(Wrapper.java:58)
at yashwanthgunapatiqa.globalcomponents.Wrapper.quitBrowser(Wrapper.java:49)
at yashwanthgunapatiqa.globalcomponents.Wrapper.tearDown(Wrapper.java:58)
at yashwanthgunapatiqa.globalcomponents.Wrapper.quitBrowser(Wrapper.java:49)
at yashwanthgunapatiqa.globalcomponents.Wrapper.tearDown(Wrapper.java:58)
at yashwanthgunapatiqa.globalcomponents.Wrapper.quitBrowser(Wrapper.java:49)
at yashwanthgunapatiqa.globalcomponents.Wrapper.tearDown(Wrapper.java:58)
at yashwanthgunapatiqa.globalcomponents.Wrapper.quitBrowser(Wrapper.java:49)
at yashwanthgunapatiqa.globalcomponents.Wrapper.tearDown(Wrapper.java:58)
at yashwanthgunapatiqa.globalcomponents.Wrapper.quitBrowser(Wrapper.java:49)
at yashwanthgunapatiqa.globalcomponents.Wrapper.tearDown(Wrapper.java:58)
at yashwanthgunapatiqa.globalcomponents.Wrapper.quitBrowser(Wrapper.java:49)
at yashwanthgunapatiqa.globalcomponents.Wrapper.tearDown(Wrapper.java:58)
at yashwanthgunapatiqa.globalcomponents.Wrapper.quitBrowser(Wrapper.java:49)
at yashwanthgunapatiqa.globalcomponents.Wrapper.tearDown(Wrapper.java:58)
at yashwanthgunapatiqa.globalcomponents.Wrapper.quitBrowser(Wrapper.java:49)
at yashwanthgunapatiqa.globalcomponents.Wrapper.tearDown(Wrapper.java:58)
at yashwanthgunapatiqa.globalcomponents.Wrapper.quitBrowser(Wrapper.java:49)
at yashwanthgunapatiqa.globalcomponents.Wrapper.tearDown(Wrapper.java:58)
at yashwanthgunapatiqa.globalcomponents.Wrapper.quitBrowser(Wrapper.java:49)
at yashwanthgunapatiqa.globalcomponents.Wrapper.tearDown(Wrapper.java:58)
at yashwanthgunapatiqa.globalcomponents.Wrapper.quitBrowser(Wrapper.java:49)
at yashwanthgunapatiqa.globalcomponents.Wrapper.tearDown(Wrapper.java:58)
at yashwanthgunapatiqa.globalcomponents.Wrapper.quitBrowser(Wrapper.java:49)
at yashwanthgunapatiqa.globalcomponents.Wrapper.tearDown(Wrapper.java:58)
at yashwanthgunapatiqa.globalcomponents.Wrapper.quitBrowser(Wrapper.java:49)
at yashwanthgunapatiqa.globalcomponents.Wrapper.tearDown(Wrapper.java:58)
at yashwanthgunapatiqa.globalcomponents.Wrapper.quitBrowser(Wrapper.java:49)
at yashwanthgunapatiqa.globalcomponents.Wrapper.tearDown(Wrapper.java:58)
at yashwanthgunapatiqa.globalcomponents.Wrapper.quitBrowser(Wrapper.java:49)
at yashwanthgunapatiqa.globalcomponents.Wrapper.tearDown(Wrapper.java:58)
at yashwanthgunapatiqa.globalcomponents.Wrapper.quitBrowser(Wrapper.java:49)
at yashwanthgunapatiqa.globalcomponents.Wrapper.tearDown(Wrapper.java:58)
at yashwanthgunapatiqa.globalcomponents.Wrapper.quitBrowser(Wrapper.java:49)
at yashwanthgunapatiqa.globalcomponents.Wrapper.tearDown(Wrapper.java:58)
at yashwanthgunapatiqa.globalcomponents.Wrapper.quitBrowser(Wrapper.java:49)
at yashwanthgunapatiqa.globalcomponents.Wrapper.tearDown(Wrapper.java:58)
at yashwanthgunapatiqa.globalcomponents.Wrapper.quitBrowser(Wrapper.java:49)
at yashwanthgunapatiqa.globalcomponents.Wrapper.tearDown(Wrapper.java:58)
at yashwanthgunapatiqa.globalcomponents.Wrapper.quitBrowser(Wrapper.java:49)
at yashwanthgunapatiqa.globalcomponents.Wrapper.tearDown(Wrapper.java:58)
at yashwanthgunapatiqa.globalcomponents.Wrapper.quitBrowser(Wrapper.java:49)
at yashwanthgunapatiqa.globalcomponents.Wrapper.tearDown(Wrapper.java:58)
at yashwanthgunapatiqa.globalcomponents.Wrapper.quitBrowser(Wrapper.java:49)
at yashwanthgunapatiqa.globalcomponents.Wrapper.tearDown(Wrapper.java:58)
at yashwanthgunapatiqa.globalcomponents.Wrapper.quitBrowser(Wrapper.java:49)
at yashwanthgunapatiqa.globalcomponents.Wrapper.tearDown(Wrapper.java:58)
at yashwanthgunapatiqa.globalcomponents.Wrapper.quitBrowser(Wrapper.java:49)
at yashwanthgunapatiqa.globalcomponents.Wrapper.tearDown(Wrapper.java:58)
at yashwanthgunapatiqa.globalcomponents.Wrapper.quitBrowser(Wrapper.java:49)
at yashwanthgunapatiqa.globalcomponents.Wrapper.tearDown(Wrapper.java:58)
at yashwanthgunapatiqa.globalcomponents.Wrapper.quitBrowser(Wrapper.java:49)
at yashwanthgunapatiqa.globalcomponents.Wrapper.tearDown(Wrapper.java:58)
at yashwanthgunapatiqa.globalcomponents.Wrapper.quitBrowser(Wrapper.java:49)
at yashwanthgunapatiqa.globalcomponents.Wrapper.tearDown(Wrapper.java:58)
at yashwanthgunapatiqa.globalcomponents.Wrapper.quitBrowser(Wrapper.java:49)
at yashwanthgunapatiqa.globalcomponents.Wrapper.tearDown(Wrapper.java:58)
at yashwanthgunapatiqa.globalcomponents.Wrapper.quitBrowser(Wrapper.java:49)
at yashwanthgunapatiqa.globalcomponents.Wrapper.tearDown(Wrapper.java:58)
at yashwanthgunapatiqa.globalcomponents.Wrapper.quitBrowser(Wrapper.java:49)
at yashwanthgunapatiqa.globalcomponents.Wrapper.tearDown(Wrapper.java:58)
at yashwanthgunapatiqa.globalcomponents.Wrapper.quitBrowser(Wrapper.java:49)
at yashwanthgunapatiqa.globalcomponents.Wrapper.tearDown(Wrapper.java:58)
at yashwanthgunapatiqa.globalcomponents.Wrapper.quitBrowser(Wrapper.java:49)
at yashwanthgunapatiqa.globalcomponents.Wrapper.tearDown(Wrapper.java:58)
at yashwanthgunapatiqa.globalcomponents.Wrapper.quitBrowser(Wrapper.java:49)
at yashwanthgunapatiqa.globalcomponents.Wrapper.tearDown(Wrapper.java:58)
at yashwanthgunapatiqa.globalcomponents.Wrapper.quitBrowser(Wrapper.java:49)
at yashwanthgunapatiqa.globalcomponents.Wrapper.tearDown(Wrapper.java:58)
at yashwanthgunapatiqa.globalcomponents.Wrapper.quitBrowser(Wrapper.java:49)
at yashwanthgunapatiqa.globalcomponents.Wrapper.tearDown(Wrapper.java:58)
at yashwanthgunapatiqa.globalcomponents.Wrapper.quitBrowser(Wrapper.java:49)
at yashwanthgunapatiqa.globalcomponents.Wrapper.tearDown(Wrapper.java:58)
at yashwanthgunapatiqa.globalcomponents.Wrapper.quitBrowser(Wrapper.java:49)
at yashwanthgunapatiqa.globalcomponents.Wrapper.tearDown(Wrapper.java:58)
at yashwanthgunapatiqa.globalcomponents.Wrapper.quitBrowser(Wrapper.java:49)
at yashwanthgunapatiqa.globalcomponents.Wrapper.tearDown(Wrapper.java:58)
at yashwanthgunapatiqa.globalcomponents.Wrapper.quitBrowser(Wrapper.java:49)
at yashwanthgunapatiqa.globalcomponents.Wrapper.tearDown(Wrapper.java:58)
at yashwanthgunapatiqa.globalcomponents.Wrapper.quitBrowser(Wrapper.java:49)
at yashwanthgunapatiqa.globalcomponents.Wrapper.tearDown(Wrapper.java:58)
at yashwanthgunapatiqa.globalcomponents.Wrapper.quitBrowser(Wrapper.java:49)
at yashwanthgunapatiqa.globalcomponents.Wrapper.tearDown(Wrapper.java:58)
at yashwanthgunapatiqa.globalcomponents.Wrapper.quitBrowser(Wrapper.java:49)
at yashwanthgunapatiqa.globalcomponents.Wrapper.tearDown(Wrapper.java:58)
at yashwanthgunapatiqa.globalcomponents.Wrapper.quitBrowser(Wrapper.java:49)
at yashwanthgunapatiqa.globalcomponents.Wrapper.tearDown(Wrapper.java:58)
at yashwanthgunapatiqa.globalcomponents.Wrapper.quitBrowser(Wrapper.java:49)
at yashwanthgunapatiqa.globalcomponents.Wrapper.tearDown(Wrapper.java:58)
at yashwanthgunapatiqa.globalcomponents.Wrapper.quitBrowser(Wrapper.java:49)
at yashwanthgunapatiqa.globalcomponents.Wrapper.tearDown(Wrapper.java:58)
at yashwanthgunapatiqa.globalcomponents.Wrapper.quitBrowser(Wrapper.java:49)
at yashwanthgunapatiqa.globalcomponents.Wrapper.tearDown(Wrapper.java:58)
at yashwanthgunapatiqa.globalcomponents.Wrapper.quitBrowser(Wrapper.java:49)
at yashwanthgunapatiqa.globalcomponents.Wrapper.tearDown(Wrapper.java:58)
at yashwanthgunapatiqa.globalcomponents.Wrapper.quitBrowser(Wrapper.java:49)
at yashwanthgunapatiqa.globalcomponents.Wrapper.tearDown(Wrapper.java:58)
at yashwanthgunapatiqa.globalcomponents.Wrapper.quitBrowser(Wrapper.java:49)
at yashwanthgunapatiqa.globalcomponents.Wrapper.tearDown(Wrapper.java:58)
at yashwanthgunapatiqa.globalcomponents.Wrapper.quitBrowser(Wrapper.java:49)
at yashwanthgunapatiqa.globalcomponents.Wrapper.tearDown(Wrapper.java:58)
at yashwanthgunapatiqa.globalcomponents.Wrapper.quitBrowser(Wrapper.java:49)
at yashwanthgunapatiqa.globalcomponents.Wrapper.tearDown(Wrapper.java:58)
at yashwanthgunapatiqa.globalcomponents.Wrapper.quitBrowser(Wrapper.java:49)
at yashwanthgunapatiqa.globalcomponents.Wrapper.tearDown(Wrapper.java:58)
at yashwanthgunapatiqa.globalcomponents.Wrapper.quitBrowser(Wrapper.java:49)
at yashwanthgunapatiqa.globalcomponents.Wrapper.tearDown(Wrapper.java:58)
at yashwanthgunapatiqa.globalcomponents.Wrapper.quitBrowser(Wrapper.java:49)
at yashwanthgunapatiqa.globalcomponents.Wrapper.tearDown(Wrapper.java:58)
at yashwanthgunapatiqa.globalcomponents.Wrapper.quitBrowser(Wrapper.java:49)
at yashwanthgunapatiqa.globalcomponents.Wrapper.tearDown(Wrapper.java:58)
at yashwanthgunapatiqa.globalcomponents.Wrapper.quitBrowser(Wrapper.java:49)
at yashwanthgunapatiqa.globalcomponents.Wrapper.tearDown(Wrapper.java:58)
at yashwanthgunapatiqa.globalcomponents.Wrapper.quitBrowser(Wrapper.java:49)
at yashwanthgunapatiqa.globalcomponents.Wrapper.tearDown(Wrapper.java:58)
at yashwanthgunapatiqa.globalcomponents.Wrapper.quitBrowser(Wrapper.java:49)
at yashwanthgunapatiqa.globalcomponents.Wrapper.tearDown(Wrapper.java:58)
at yashwanthgunapatiqa.globalcomponents.Wrapper.quitBrowser(Wrapper.java:49)
at yashwanthgunapatiqa.globalcomponents.Wrapper.tearDown(Wrapper.java:58)
at yashwanthgunapatiqa.globalcomponents.Wrapper.quitBrowser(Wrapper.java:49)
at yashwanthgunapatiqa.globalcomponents.Wrapper.tearDown(Wrapper.java:58)
at yashwanthgunapatiqa.globalcomponents.Wrapper.quitBrowser(Wrapper.java:49)
at yashwanthgunapatiqa.globalcomponents.Wrapper.tearDown(Wrapper.java:58)
at yashwanthgunapatiqa.globalcomponents.Wrapper.quitBrowser(Wrapper.java:49)
at yashwanthgunapatiqa.globalcomponents.Wrapper.tearDown(Wrapper.java:58)
at yashwanthgunapatiqa.globalcomponents.Wrapper.quitBrowser(Wrapper.java:49)
at yashwanthgunapatiqa.globalcomponents.Wrapper.tearDown(Wrapper.java:58)
at yashwanthgunapatiqa.globalcomponents.Wrapper.quitBrowser(Wrapper.java:49)
at yashwanthgunapatiqa.globalcomponents.Wrapper.tearDown(Wrapper.java:58)
at yashwanthgunapatiqa.globalcomponents.Wrapper.quitBrowser(Wrapper.java:49)
at yashwanthgunapatiqa.globalcomponents.Wrapper.tearDown(Wrapper.java:58)
at yashwanthgunapatiqa.globalcomponents.Wrapper.quitBrowser(Wrapper.java:49)
at yashwanthgunapatiqa.globalcomponents.Wrapper.tearDown(Wrapper.java:58)
at yashwanthgunapatiqa.globalcomponents.Wrapper.quitBrowser(Wrapper.java:49)
at yashwanthgunapatiqa.globalcomponents.Wrapper.tearDown(Wrapper.java:58)
at yashwanthgunapatiqa.globalcomponents.Wrapper.quitBrowser(Wrapper.java:49)
at yashwanthgunapatiqa.globalcomponents.Wrapper.tearDown(Wrapper.java:58)
at yashwanthgunapatiqa.globalcomponents.Wrapper.quitBrowser(Wrapper.java:49)
at yashwanthgunapatiqa.globalcomponents.Wrapper.tearDown(Wrapper.java:58)
at yashwanthgunapatiqa.globalcomponents.Wrapper.quitBrowser(Wrapper.java:49)
at yashwanthgunapatiqa.globalcomponents.Wrapper.tearDown(Wrapper.java:58)
at yashwanthgunapatiqa.globalcomponents.Wrapper.quitBrowser(Wrapper.java:49)
at yashwanthgunapatiqa.globalcomponents.Wrapper.tearDown(Wrapper.java:58)
at yashwanthgunapatiqa.globalcomponents.Wrapper.quitBrowser(Wrapper.java:49)
at yashwanthgunapatiqa.globalcomponents.Wrapper.tearDown(Wrapper.java:58)
at yashwanthgunapatiqa.globalcomponents.Wrapper.quitBrowser(Wrapper.java:49)
at yashwanthgunapatiqa.globalcomponents.Wrapper.tearDown(Wrapper.java:58)
at yashwanthgunapatiqa.globalcomponents.Wrapper.quitBrowser(Wrapper.java:49)
at yashwanthgunapatiqa.globalcomponents.Wrapper.tearDown(Wrapper.java:58)
at yashwanthgunapatiqa.globalcomponents.Wrapper.quitBrowser(Wrapper.java:49)
at yashwanthgunapatiqa.globalcomponents.Wrapper.tearDown(Wrapper.java:58)
at yashwanthgunapatiqa.globalcomponents.Wrapper.quitBrowser(Wrapper.java:49)
at yashwanthgunapatiqa.globalcomponents.Wrapper.tearDown(Wrapper.java:58)
at yashwanthgunapatiqa.globalcomponents.Wrapper.quitBrowser(Wrapper.java:49)
at yashwanthgunapatiqa.globalcomponents.Wrapper.tearDown(Wrapper.java:58)
at yashwanthgunapatiqa.globalcomponents.Wrapper.quitBrowser(Wrapper.java:49)
at yashwanthgunapatiqa.globalcomponents.Wrapper.tearDown(Wrapper.java:58)
at yashwanthgunapatiqa.globalcomponents.Wrapper.quitBrowser(Wrapper.java:49)
at yashwanthgunapatiqa.globalcomponents.Wrapper.tearDown(Wrapper.java:58)
at yashwanthgunapatiqa.globalcomponents.Wrapper.quitBrowser(Wrapper.java:49)
at yashwanthgunapatiqa.globalcomponents.Wrapper.tearDown(Wrapper.java:58)
at yashwanthgunapatiqa.globalcomponents.Wrapper.quitBrowser(Wrapper.java:49)
at yashwanthgunapatiqa.globalcomponents.Wrapper.tearDown(Wrapper.java:58)
at yashwanthgunapatiqa.globalcomponents.Wrapper.quitBrowser(Wrapper.java:49)
at yashwanthgunapatiqa.globalcomponents.Wrapper.tearDown(Wrapper.java:58)
at yashwanthgunapatiqa.globalcomponents.Wrapper.quitBrowser(Wrapper.java:49)
at yashwanthgunapatiqa.globalcomponents.Wrapper.tearDown(Wrapper.java:58)
at yashwanthgunapatiqa.globalcomponents.Wrapper.quitBrowser(Wrapper.java:49)
at yashwanthgunapatiqa.globalcomponents.Wrapper.tearDown(Wrapper.java:58)
at yashwanthgunapatiqa.globalcomponents.Wrapper.quitBrowser(Wrapper.java:49)
at yashwanthgunapatiqa.globalcomponents.Wrapper.tearDown(Wrapper.java:58)
at yashwanthgunapatiqa.globalcomponents.Wrapper.quitBrowser(Wrapper.java:49)
at yashwanthgunapatiqa.globalcomponents.Wrapper.tearDown(Wrapper.java:58)
at yashwanthgunapatiqa.globalcomponents.Wrapper.quitBrowser(Wrapper.java:49)
at yashwanthgunapatiqa.globalcomponents.Wrapper.tearDown(Wrapper.java:58)
at yashwanthgunapatiqa.globalcomponents.Wrapper.quitBrowser(Wrapper.java:49)
at yashwanthgunapatiqa.globalcomponents.Wrapper.tearDown(Wrapper.java:58)
at yashwanthgunapatiqa.globalcomponents.Wrapper.quitBrowser(Wrapper.java:49)
at yashwanthgunapatiqa.globalcomponents.Wrapper.tearDown(Wrapper.java:58)
at yashwanthgunapatiqa.globalcomponents.Wrapper.quitBrowser(Wrapper.java:49)
at yashwanthgunapatiqa.globalcomponents.Wrapper.tearDown(Wrapper.java:58)
at yashwanthgunapatiqa.globalcomponents.Wrapper.quitBrowser(Wrapper.java:49)
at yashwanthgunapatiqa.globalcomponents.Wrapper.tearDown(Wrapper.java:58)
at yashwanthgunapatiqa.globalcomponents.Wrapper.quitBrowser(Wrapper.java:49)
at yashwanthgunapatiqa.globalcomponents.Wrapper.tearDown(Wrapper.java:58)
at yashwanthgunapatiqa.globalcomponents.Wrapper.quitBrowser(Wrapper.java:49)
at yashwanthgunapatiqa.globalcomponents.Wrapper.tearDown(Wrapper.java:58)
at yashwanthgunapatiqa.globalcomponents.Wrapper.quitBrowser(Wrapper.java:49)
at yashwanthgunapatiqa.globalcomponents.Wrapper.tearDown(Wrapper.java:58)
at yashwanthgunapatiqa.globalcomponents.Wrapper.quitBrowser(Wrapper.java:49)
at yashwanthgunapatiqa.globalcomponents.Wrapper.tearDown(Wrapper.java:58)
at yashwanthgunapatiqa.globalcomponents.Wrapper.quitBrowser(Wrapper.java:49)
at yashwanthgunapatiqa.globalcomponents.Wrapper.tearDown(Wrapper.java:58)
at yashwanthgunapatiqa.globalcomponents.Wrapper.quitBrowser(Wrapper.java:49)
at yashwanthgunapatiqa.globalcomponents.Wrapper.tearDown(Wrapper.java:58)
at yashwanthgunapatiqa.globalcomponents.Wrapper.quitBrowser(Wrapper.java:49)
at yashwanthgunapatiqa.globalcomponents.Wrapper.tearDown(Wrapper.java:58)
at yashwanthgunapatiqa.globalcomponents.Wrapper.quitBrowser(Wrapper.java:49)
at yashwanthgunapatiqa.globalcomponents.Wrapper.tearDown(Wrapper.java:58)
at yashwanthgunapatiqa.globalcomponents.Wrapper.quitBrowser(Wrapper.java:49)
at yashwanthgunapatiqa.globalcomponents.Wrapper.tearDown(Wrapper.java:58)
at yashwanthgunapatiqa.globalcomponents.Wrapper.quitBrowser(Wrapper.java:49)
at yashwanthgunapatiqa.globalcomponents.Wrapper.tearDown(Wrapper.java:58)
at yashwanthgunapatiqa.globalcomponents.Wrapper.quitBrowser(Wrapper.java:49)
at yashwanthgunapatiqa.globalcomponents.Wrapper.tearDown(Wrapper.java:58)
at yashwanthgunapatiqa.globalcomponents.Wrapper.quitBrowser(Wrapper.java:49)
at yashwanthgunapatiqa.globalcomponents.Wrapper.tearDown(Wrapper.java:58)
at yashwanthgunapatiqa.globalcomponents.Wrapper.quitBrowser(Wrapper.java:49)
]]>
    </error>
  </testcase> <!-- quitBrowser -->
  <system-out/>
</testsuite> <!-- yashwanthgunapatiqa.tests.Errorvalidation -->
