<?xml version="1.0" encoding="UTF-8"?>
<!-- Generated by org.testng.reporters.JUnitReportReporter -->
<testsuite hostname="DESKTOP-582AH23" failures="0" tests="6" name="yashwanthgunapatiqa.tests.SubmitOrder_E2E_TestCase" time="86.395" errors="0" timestamp="2024-09-26T16:54:48 GMT-04:00" skipped="0">
  <testcase classname="yashwanthgunapatiqa.tests.SubmitOrder_E2E_TestCase" name="checkOutProduct" time="19.193"/>
  <system-out/>
  <testcase classname="yashwanthgunapatiqa.tests.SubmitOrder_E2E_TestCase" name="checkOutProduct" time="19.573"/>
  <system-out/>
  <testcase classname="yashwanthgunapatiqa.tests.SubmitOrder_E2E_TestCase" name="checkOrderConfirmationofProduct" time="9.399"/>
  <system-out/>
  <testcase classname="yashwanthgunapatiqa.tests.SubmitOrder_E2E_TestCase" name="checkOutProduct" time="17.947"/>
  <system-out/>
  <testcase classname="yashwanthgunapatiqa.tests.SubmitOrder_E2E_TestCase" name="checkOrderConfirmationofProduct" time="10.227"/>
  <system-out/>
  <testcase classname="yashwanthgunapatiqa.tests.SubmitOrder_E2E_TestCase" name="checkOrderConfirmationofProduct" time="10.056"/>
  <system-out/>
</testsuite> <!-- yashwanthgunapatiqa.tests.SubmitOrder_E2E_TestCase -->
