<?xml version="1.0" encoding="UTF-8"?>
<!-- Generated by org.testng.reporters.JUnitReportReporter -->
<testsuite hostname="DESKTOP-582AH23" failures="0" tests="6" name="yashwanthgunapatiqa.SubmitOrder_E2E_TestCase" time="66.548" errors="0" timestamp="2024-09-17T15:05:21 GMT-04:00" skipped="0">
  <testcase classname="yashwanthgunapatiqa.SubmitOrder_E2E_TestCase" name="checkOrderConfirmationofProduct" time="8.017"/>
  <system-out/>
  <testcase classname="yashwanthgunapatiqa.SubmitOrder_E2E_TestCase" name="checkOrderConfirmationofProduct" time="8.911"/>
  <system-out/>
  <testcase classname="yashwanthgunapatiqa.SubmitOrder_E2E_TestCase" name="checkOutProduct" time="14.353"/>
  <system-out/>
  <testcase classname="yashwanthgunapatiqa.SubmitOrder_E2E_TestCase" name="checkOutProduct" time="14.504"/>
  <system-out/>
  <testcase classname="yashwanthgunapatiqa.SubmitOrder_E2E_TestCase" name="checkOrderConfirmationofProduct" time="6.542"/>
  <system-out/>
  <testcase classname="yashwanthgunapatiqa.SubmitOrder_E2E_TestCase" name="checkOutProduct" time="14.221"/>
  <system-out/>
</testsuite> <!-- yashwanthgunapatiqa.SubmitOrder_E2E_TestCase -->
