<?xml version="1.0" encoding="UTF-8"?>
<!-- Generated by org.testng.reporters.JUnitReportReporter -->
<testsuite hostname="DESKTOP-582AH23" failures="0" tests="6" name="yashwanthgunapatiqa.tests.SubmitOrder_E2E_TestCase" time="71.789" errors="0" timestamp="2024-09-19T17:09:17 GMT-04:00" skipped="0">
  <testcase classname="yashwanthgunapatiqa.tests.SubmitOrder_E2E_TestCase" name="checkOrderConfirmationofProduct" time="8.472"/>
  <testcase classname="yashwanthgunapatiqa.tests.SubmitOrder_E2E_TestCase" name="checkOutProduct" time="15.225"/>
  <testcase classname="yashwanthgunapatiqa.tests.SubmitOrder_E2E_TestCase" name="checkOrderConfirmationofProduct" time="7.142"/>
  <testcase classname="yashwanthgunapatiqa.tests.SubmitOrder_E2E_TestCase" name="checkOrderConfirmationofProduct" time="8.138"/>
  <testcase classname="yashwanthgunapatiqa.tests.SubmitOrder_E2E_TestCase" name="checkOutProduct" time="15.112"/>
  <testcase classname="yashwanthgunapatiqa.tests.SubmitOrder_E2E_TestCase" name="checkOutProduct" time="17.700"/>
</testsuite> <!-- yashwanthgunapatiqa.tests.SubmitOrder_E2E_TestCase -->
